{"/home/travis/build/npmtest/node-npmtest-csv/test.js":{"path":"/home/travis/build/npmtest/node-npmtest-csv/test.js","s":{"1":2,"2":2,"3":2,"4":2,"5":2,"6":2,"7":2,"8":1,"9":2,"10":2,"11":1,"12":1,"13":1,"14":1,"15":2,"16":2,"17":2,"18":2,"19":1,"20":1,"21":2,"22":2,"23":2,"24":1,"25":1,"26":1,"27":1,"28":1,"29":1,"30":1,"31":1,"32":1,"33":1,"34":1,"35":1,"36":1,"37":1,"38":1,"39":2,"40":2,"41":1,"42":2,"43":2,"44":1,"45":2,"46":2,"47":1,"48":2,"49":2,"50":1,"51":1,"52":1,"53":1,"54":1},"b":{"1":[2,1,1,1],"2":[1,1,1,1],"3":[1,1],"4":[1,1],"5":[1,1],"6":[1,1],"7":[1,1],"8":[1,1],"9":[1,1],"10":[1,1,1],"11":[1,1],"12":[1,1],"13":[1,1],"14":[1,1],"15":[1,1],"16":[1,1],"17":[1,1]},"f":{"1":2,"2":2,"3":2,"4":2,"5":2,"6":1,"7":1,"8":1,"9":2,"10":2,"11":2,"12":2,"13":1},"fnMap":{"1":{"name":"(anonymous_1)","line":12,"loc":{"start":{"line":12,"column":1},"end":{"line":12,"column":13}}},"2":{"name":"(anonymous_2)","line":19,"loc":{"start":{"line":19,"column":5},"end":{"line":19,"column":17}}},"3":{"name":"(anonymous_3)","line":23,"loc":{"start":{"line":23,"column":24},"end":{"line":23,"column":36}}},"4":{"name":"(anonymous_4)","line":61,"loc":{"start":{"line":61,"column":5},"end":{"line":61,"column":17}}},"5":{"name":"(anonymous_5)","line":82,"loc":{"start":{"line":82,"column":5},"end":{"line":82,"column":17}}},"6":{"name":"(anonymous_6)","line":91,"loc":{"start":{"line":91,"column":77},"end":{"line":94,"column":10}}},"7":{"name":"(anonymous_7)","line":112,"loc":{"start":{"line":112,"column":83},"end":{"line":115,"column":10}},"skip":true},"8":{"name":"(anonymous_8)","line":123,"loc":{"start":{"line":123,"column":77},"end":{"line":126,"column":10}},"skip":true},"9":{"name":"(anonymous_9)","line":139,"loc":{"start":{"line":139,"column":12},"end":{"line":139,"column":40}},"skip":true},"10":{"name":"(anonymous_10)","line":147,"loc":{"start":{"line":147,"column":77},"end":{"line":150,"column":10}},"skip":true},"11":{"name":"(anonymous_11)","line":158,"loc":{"start":{"line":158,"column":83},"end":{"line":161,"column":10}},"skip":true},"12":{"name":"(anonymous_12)","line":169,"loc":{"start":{"line":169,"column":79},"end":{"line":172,"column":10}},"skip":true},"13":{"name":"(anonymous_13)","line":180,"loc":{"start":{"line":180,"column":75},"end":{"line":183,"column":10}},"skip":true}},"statementMap":{"1":{"start":{"line":12,"column":0},"end":{"line":195,"column":5}},"2":{"start":{"line":14,"column":4},"end":{"line":14,"column":14}},"3":{"start":{"line":19,"column":4},"end":{"line":56,"column":9}},"4":{"start":{"line":21,"column":8},"end":{"line":21,"column":19}},"5":{"start":{"line":23,"column":8},"end":{"line":35,"column":13}},"6":{"start":{"line":24,"column":12},"end":{"line":34,"column":13}},"7":{"start":{"line":25,"column":16},"end":{"line":28,"column":30}},"8":{"start":{"line":30,"column":16},"end":{"line":33,"column":27}},"9":{"start":{"line":37,"column":8},"end":{"line":39,"column":21}},"10":{"start":{"line":40,"column":8},"end":{"line":53,"column":9}},"11":{"start":{"line":43,"column":12},"end":{"line":46,"column":14}},"12":{"start":{"line":47,"column":12},"end":{"line":47,"column":18}},"13":{"start":{"line":50,"column":12},"end":{"line":51,"column":33}},"14":{"start":{"line":52,"column":12},"end":{"line":52,"column":18}},"15":{"start":{"line":55,"column":8},"end":{"line":55,"column":35}},"16":{"start":{"line":61,"column":4},"end":{"line":63,"column":9}},"17":{"start":{"line":62,"column":8},"end":{"line":62,"column":15}},"18":{"start":{"line":64,"column":4},"end":{"line":77,"column":5}},"19":{"start":{"line":70,"column":8},"end":{"line":70,"column":14}},"20":{"start":{"line":76,"column":8},"end":{"line":76,"column":14}},"21":{"start":{"line":82,"column":4},"end":{"line":84,"column":9}},"22":{"start":{"line":83,"column":8},"end":{"line":83,"column":15}},"23":{"start":{"line":85,"column":4},"end":{"line":194,"column":5}},"24":{"start":{"line":91,"column":8},"end":{"line":99,"column":10}},"25":{"start":{"line":98,"column":12},"end":{"line":98,"column":35}},"26":{"start":{"line":102,"column":8},"end":{"line":104,"column":63}},"27":{"start":{"line":105,"column":8},"end":{"line":105,"column":14}},"28":{"start":{"line":112,"column":8},"end":{"line":121,"column":10},"skip":true},"29":{"start":{"line":119,"column":12},"end":{"line":119,"column":55},"skip":true},"30":{"start":{"line":120,"column":12},"end":{"line":120,"column":48},"skip":true},"31":{"start":{"line":123,"column":8},"end":{"line":136,"column":10},"skip":true},"32":{"start":{"line":130,"column":12},"end":{"line":130,"column":76},"skip":true},"33":{"start":{"line":131,"column":12},"end":{"line":131,"column":73},"skip":true},"34":{"start":{"line":132,"column":12},"end":{"line":132,"column":74},"skip":true},"35":{"start":{"line":133,"column":12},"end":{"line":133,"column":79},"skip":true},"36":{"start":{"line":134,"column":12},"end":{"line":134,"column":25},"skip":true},"37":{"start":{"line":135,"column":12},"end":{"line":135,"column":45},"skip":true},"38":{"start":{"line":138,"column":8},"end":{"line":145,"column":14},"skip":true},"39":{"start":{"line":143,"column":16},"end":{"line":143,"column":29},"skip":true},"40":{"start":{"line":144,"column":16},"end":{"line":144,"column":55},"skip":true},"41":{"start":{"line":147,"column":8},"end":{"line":156,"column":10},"skip":true},"42":{"start":{"line":154,"column":12},"end":{"line":154,"column":25},"skip":true},"43":{"start":{"line":155,"column":12},"end":{"line":155,"column":45},"skip":true},"44":{"start":{"line":158,"column":8},"end":{"line":167,"column":10},"skip":true},"45":{"start":{"line":165,"column":12},"end":{"line":165,"column":25},"skip":true},"46":{"start":{"line":166,"column":12},"end":{"line":166,"column":48},"skip":true},"47":{"start":{"line":169,"column":8},"end":{"line":178,"column":10},"skip":true},"48":{"start":{"line":176,"column":12},"end":{"line":176,"column":25},"skip":true},"49":{"start":{"line":177,"column":12},"end":{"line":177,"column":46},"skip":true},"50":{"start":{"line":180,"column":8},"end":{"line":189,"column":10},"skip":true},"51":{"start":{"line":187,"column":12},"end":{"line":187,"column":94},"skip":true},"52":{"start":{"line":188,"column":12},"end":{"line":188,"column":48},"skip":true},"53":{"start":{"line":192,"column":8},"end":{"line":192,"column":35},"skip":true},"54":{"start":{"line":193,"column":8},"end":{"line":193,"column":14},"skip":true}},"branchMap":{"1":{"line":25,"type":"binary-expr","locations":[{"start":{"line":25,"column":23},"end":{"line":25,"column":62}},{"start":{"line":26,"column":20},"end":{"line":26,"column":70}},{"start":{"line":27,"column":20},"end":{"line":27,"column":71}},{"start":{"line":28,"column":20},"end":{"line":28,"column":29}}]},"2":{"line":30,"type":"binary-expr","locations":[{"start":{"line":30,"column":23},"end":{"line":30,"column":37}},{"start":{"line":31,"column":20},"end":{"line":31,"column":61}},{"start":{"line":32,"column":20},"end":{"line":32,"column":70}},{"start":{"line":33,"column":20},"end":{"line":33,"column":26}}]},"3":{"line":37,"type":"cond-expr","locations":[{"start":{"line":38,"column":14},"end":{"line":38,"column":20}},{"start":{"line":39,"column":14},"end":{"line":39,"column":20}}]},"4":{"line":40,"type":"switch","locations":[{"start":{"line":42,"column":8},"end":{"line":47,"column":18}},{"start":{"line":49,"column":8},"end":{"line":52,"column":18}}]},"5":{"line":44,"type":"binary-expr","locations":[{"start":{"line":44,"column":16},"end":{"line":44,"column":44}},{"start":{"line":44,"column":48},"end":{"line":44,"column":66}}]},"6":{"line":50,"type":"binary-expr","locations":[{"start":{"line":50,"column":21},"end":{"line":50,"column":49}},{"start":{"line":50,"column":53},"end":{"line":50,"column":72}}]},"7":{"line":64,"type":"switch","locations":[{"start":{"line":69,"column":4},"end":{"line":70,"column":14}},{"start":{"line":75,"column":4},"end":{"line":76,"column":14}}]},"8":{"line":85,"type":"switch","locations":[{"start":{"line":90,"column":4},"end":{"line":105,"column":14}},{"start":{"line":111,"column":4},"end":{"line":193,"column":14},"skip":true}]},"9":{"line":91,"type":"binary-expr","locations":[{"start":{"line":91,"column":42},"end":{"line":91,"column":73}},{"start":{"line":91,"column":77},"end":{"line":99,"column":9}}]},"10":{"line":102,"type":"binary-expr","locations":[{"start":{"line":102,"column":18},"end":{"line":102,"column":32}},{"start":{"line":103,"column":12},"end":{"line":103,"column":53}},{"start":{"line":104,"column":12},"end":{"line":104,"column":61}}]},"11":{"line":112,"type":"binary-expr","locations":[{"start":{"line":112,"column":45},"end":{"line":112,"column":79},"skip":true},{"start":{"line":112,"column":83},"end":{"line":121,"column":9},"skip":true}]},"12":{"line":123,"type":"binary-expr","locations":[{"start":{"line":123,"column":42},"end":{"line":123,"column":73},"skip":true},{"start":{"line":123,"column":77},"end":{"line":136,"column":9},"skip":true}]},"13":{"line":138,"type":"binary-expr","locations":[{"start":{"line":138,"column":48},"end":{"line":138,"column":85},"skip":true},{"start":{"line":139,"column":12},"end":{"line":145,"column":13},"skip":true}]},"14":{"line":147,"type":"binary-expr","locations":[{"start":{"line":147,"column":42},"end":{"line":147,"column":73},"skip":true},{"start":{"line":147,"column":77},"end":{"line":156,"column":9},"skip":true}]},"15":{"line":158,"type":"binary-expr","locations":[{"start":{"line":158,"column":45},"end":{"line":158,"column":79},"skip":true},{"start":{"line":158,"column":83},"end":{"line":167,"column":9},"skip":true}]},"16":{"line":169,"type":"binary-expr","locations":[{"start":{"line":169,"column":43},"end":{"line":169,"column":75},"skip":true},{"start":{"line":169,"column":79},"end":{"line":178,"column":9},"skip":true}]},"17":{"line":180,"type":"binary-expr","locations":[{"start":{"line":180,"column":41},"end":{"line":180,"column":71},"skip":true},{"start":{"line":180,"column":75},"end":{"line":189,"column":9},"skip":true}]}},"code":["/* istanbul instrument in package npmtest_csv */","/*jslint","    bitwise: true,","    browser: true,","    maxerr: 8,","    maxlen: 96,","    node: true,","    nomen: true,","    regexp: true,","    stupid: true","*/","(function () {","    'use strict';","    var local;","","","","    // run shared js-env code - pre-init","    (function () {","        // init local","        local = {};","        // init modeJs","        local.modeJs = (function () {","            try {","                return typeof navigator.userAgent === 'string' &&","                    typeof document.querySelector('body') === 'object' &&","                    typeof XMLHttpRequest.prototype.open === 'function' &&","                    'browser';","            } catch (errorCaughtBrowser) {","                return module.exports &&","                    typeof process.versions.node === 'string' &&","                    typeof require('http').createServer === 'function' &&","                    'node';","            }","        }());","        // init global","        local.global = local.modeJs === 'browser'","            ? window","            : global;","        switch (local.modeJs) {","        // re-init local from window.local","        case 'browser':","            local = local.global.utility2.objectSetDefault(","                local.global.utility2_rollup || local.global.local,","                local.global.utility2","            );","            break;","        // re-init local from example.js","        case 'node':","            local = (local.global.utility2_rollup || require('utility2'))","                .requireReadme();","            break;","        }","        // export local","        local.global.local = local;","    }());","","","","    // run shared js-env code - function","    (function () {","        return;","    }());","    switch (local.modeJs) {","","","","    // run browser js-env code - function","    case 'browser':","        break;","","","","    // run node js-env code - function","    case 'node':","        break;","    }","","","","    // run shared js-env code - post-init","    (function () {","        return;","    }());","    switch (local.modeJs) {","","","","    // run browser js-env code - post-init","    case 'browser':","        local.testCase_browser_nullCase = local.testCase_browser_nullCase || function (","            options,","            onError","        ) {","        /*","         * this function will test browsers's null-case handling-behavior-behavior","         */","            onError(null, options);","        };","","        // run tests","        local.nop(local.modeTest &&","            document.querySelector('#testRunButton1') &&","            document.querySelector('#testRunButton1').click());","        break;","","","","    // run node js-env code - post-init","    /* istanbul ignore next */","    case 'node':","        local.testCase_buildApidoc_default = local.testCase_buildApidoc_default || function (","            options,","            onError","        ) {","        /*","         * this function will test buildApidoc's default handling-behavior-behavior","         */","            options = { modulePathList: module.paths };","            local.buildApidoc(options, onError);","        };","","        local.testCase_buildApp_default = local.testCase_buildApp_default || function (","            options,","            onError","        ) {","        /*","         * this function will test buildApp's default handling-behavior-behavior","         */","            local.testCase_buildReadme_default(options, local.onErrorThrow);","            local.testCase_buildLib_default(options, local.onErrorThrow);","            local.testCase_buildTest_default(options, local.onErrorThrow);","            local.testCase_buildCustomOrg_default(options, local.onErrorThrow);","            options = [];","            local.buildApp(options, onError);","        };","","        local.testCase_buildCustomOrg_default = local.testCase_buildCustomOrg_default ||","            function (options, onError) {","            /*","             * this function will test buildCustomOrg's default handling-behavior","             */","                options = {};","                local.buildCustomOrg(options, onError);","            };","","        local.testCase_buildLib_default = local.testCase_buildLib_default || function (","            options,","            onError","        ) {","        /*","         * this function will test buildLib's default handling-behavior","         */","            options = {};","            local.buildLib(options, onError);","        };","","        local.testCase_buildReadme_default = local.testCase_buildReadme_default || function (","            options,","            onError","        ) {","        /*","         * this function will test buildReadme's default handling-behavior-behavior","         */","            options = {};","            local.buildReadme(options, onError);","        };","","        local.testCase_buildTest_default = local.testCase_buildTest_default || function (","            options,","            onError","        ) {","        /*","         * this function will test buildTest's default handling-behavior","         */","            options = {};","            local.buildTest(options, onError);","        };","","        local.testCase_webpage_default = local.testCase_webpage_default || function (","            options,","            onError","        ) {","        /*","         * this function will test webpage's default handling-behavior","         */","            options = { modeCoverageMerge: true, url: local.serverLocalHost + '?modeTest=1' };","            local.browserTest(options, onError);","        };","","        // run test-server","        local.testRunServer(local);","        break;","    }","}());",""],"l":{"12":2,"14":2,"19":2,"21":2,"23":2,"24":2,"25":2,"30":1,"37":2,"40":2,"43":1,"47":1,"50":1,"52":1,"55":2,"61":2,"62":2,"64":2,"70":1,"76":1,"82":2,"83":2,"85":2,"91":1,"98":1,"102":1,"105":1,"112":1,"119":1,"120":1,"123":1,"130":1,"131":1,"132":1,"133":1,"134":1,"135":1,"138":1,"143":2,"144":2,"147":1,"154":2,"155":2,"158":1,"165":2,"166":2,"169":1,"176":2,"177":2,"180":1,"187":1,"188":1,"192":1,"193":1}},"/home/travis/build/npmtest/node-npmtest-csv/lib.npmtest_csv.js":{"path":"/home/travis/build/npmtest/node-npmtest-csv/lib.npmtest_csv.js","s":{"1":2,"2":2,"3":2,"4":2,"5":2,"6":2,"7":2,"8":1,"9":2,"10":2,"11":2,"12":2,"13":1,"14":1,"15":1,"16":1},"b":{"1":[2,1,1,1],"2":[1,1,1,1],"3":[1,1],"4":[2,2],"5":[1,1]},"f":{"1":2,"2":2,"3":2},"fnMap":{"1":{"name":"(anonymous_1)","line":12,"loc":{"start":{"line":12,"column":1},"end":{"line":12,"column":13}}},"2":{"name":"(anonymous_2)","line":19,"loc":{"start":{"line":19,"column":5},"end":{"line":19,"column":17}}},"3":{"name":"(anonymous_3)","line":23,"loc":{"start":{"line":23,"column":24},"end":{"line":23,"column":36}}}},"statementMap":{"1":{"start":{"line":12,"column":0},"end":{"line":53,"column":5}},"2":{"start":{"line":14,"column":4},"end":{"line":14,"column":14}},"3":{"start":{"line":19,"column":4},"end":{"line":52,"column":9}},"4":{"start":{"line":21,"column":8},"end":{"line":21,"column":19}},"5":{"start":{"line":23,"column":8},"end":{"line":35,"column":13}},"6":{"start":{"line":24,"column":12},"end":{"line":34,"column":13}},"7":{"start":{"line":25,"column":16},"end":{"line":28,"column":30}},"8":{"start":{"line":30,"column":16},"end":{"line":33,"column":27}},"9":{"start":{"line":37,"column":8},"end":{"line":39,"column":21}},"10":{"start":{"line":41,"column":8},"end":{"line":41,"column":54}},"11":{"start":{"line":43,"column":8},"end":{"line":43,"column":48}},"12":{"start":{"line":45,"column":8},"end":{"line":51,"column":9}},"13":{"start":{"line":46,"column":12},"end":{"line":46,"column":54}},"14":{"start":{"line":48,"column":12},"end":{"line":48,"column":35}},"15":{"start":{"line":49,"column":12},"end":{"line":49,"column":49}},"16":{"start":{"line":50,"column":12},"end":{"line":50,"column":43}}},"branchMap":{"1":{"line":25,"type":"binary-expr","locations":[{"start":{"line":25,"column":23},"end":{"line":25,"column":62}},{"start":{"line":26,"column":20},"end":{"line":26,"column":70}},{"start":{"line":27,"column":20},"end":{"line":27,"column":71}},{"start":{"line":28,"column":20},"end":{"line":28,"column":29}}]},"2":{"line":30,"type":"binary-expr","locations":[{"start":{"line":30,"column":23},"end":{"line":30,"column":37}},{"start":{"line":31,"column":20},"end":{"line":31,"column":61}},{"start":{"line":32,"column":20},"end":{"line":32,"column":70}},{"start":{"line":33,"column":20},"end":{"line":33,"column":26}}]},"3":{"line":37,"type":"cond-expr","locations":[{"start":{"line":38,"column":14},"end":{"line":38,"column":20}},{"start":{"line":39,"column":14},"end":{"line":39,"column":20}}]},"4":{"line":41,"type":"binary-expr","locations":[{"start":{"line":41,"column":16},"end":{"line":41,"column":44}},{"start":{"line":41,"column":48},"end":{"line":41,"column":53}}]},"5":{"line":45,"type":"if","locations":[{"start":{"line":45,"column":8},"end":{"line":45,"column":8}},{"start":{"line":45,"column":8},"end":{"line":45,"column":8}}]}},"code":["/* istanbul instrument in package npmtest_csv */","/*jslint","    bitwise: true,","    browser: true,","    maxerr: 8,","    maxlen: 96,","    node: true,","    nomen: true,","    regexp: true,","    stupid: true","*/","(function () {","    'use strict';","    var local;","","","","    // run shared js-env code - pre-init","    (function () {","        // init local","        local = {};","        // init modeJs","        local.modeJs = (function () {","            try {","                return typeof navigator.userAgent === 'string' &&","                    typeof document.querySelector('body') === 'object' &&","                    typeof XMLHttpRequest.prototype.open === 'function' &&","                    'browser';","            } catch (errorCaughtBrowser) {","                return module.exports &&","                    typeof process.versions.node === 'string' &&","                    typeof require('http').createServer === 'function' &&","                    'node';","            }","        }());","        // init global","        local.global = local.modeJs === 'browser'","            ? window","            : global;","        // init utility2_rollup","        local = local.global.utility2_rollup || local;","        // init lib","        local.local = local.npmtest_csv = local;","        // init exports","        if (local.modeJs === 'browser') {","            local.global.utility2_npmtest_csv = local;","        } else {","            module.exports = local;","            module.exports.__dirname = __dirname;","            module.exports.module = module;","        }","    }());","}());",""],"l":{"12":2,"14":2,"19":2,"21":2,"23":2,"24":2,"25":2,"30":1,"37":2,"41":2,"43":2,"45":2,"46":1,"48":1,"49":1,"50":1}},"/home/travis/build/npmtest/node-npmtest-csv/example.js":{"path":"/home/travis/build/npmtest/node-npmtest-csv/example.js","s":{"1":2,"2":2,"3":2,"4":2,"5":2,"6":2,"7":2,"8":1,"9":2,"10":2,"11":2,"12":2,"13":1,"14":2,"15":2,"16":2,"17":2,"18":2,"19":0,"20":2,"21":1,"22":1,"23":1,"24":1,"25":1,"26":0,"27":0,"28":1,"29":1,"30":2,"31":0,"32":0,"33":0,"34":1,"35":2,"36":2,"37":3,"38":3,"39":3,"40":3,"41":0,"42":3,"43":3,"44":3,"45":1,"46":3,"47":1,"48":1,"49":1,"50":1,"51":1,"52":1,"53":1,"54":1,"55":1,"56":1,"57":0,"58":1,"59":6,"60":6,"61":1,"62":2,"63":0,"64":2,"65":1,"66":1,"67":0,"68":0,"69":0,"70":0,"71":0,"72":0,"73":0,"74":0,"75":0,"76":0,"77":0,"78":0,"79":0,"80":0,"81":0,"82":0,"83":0},"b":{"1":[2,1,1,1],"2":[1,1,1,1],"3":[1,1],"4":[2,2],"5":[1,1],"6":[1,1],"7":[2,0],"8":[2,1,1,1,1,1],"9":[0,2,0],"10":[1,1],"11":[2,1,1],"12":[1,0],"13":[0,2],"14":[2,0,0,0,0,0,0],"15":[0,3],"16":[3,0],"17":[1,1],"18":[0,1],"19":[1,2,0,2],"20":[1,0],"21":[1,1],"22":[0,0],"23":[0,0],"24":[0,0],"25":[0,0],"26":[0,0],"27":[0,0],"28":[0,0]},"f":{"1":2,"2":2,"3":2,"4":2,"5":2,"6":2,"7":3,"8":3,"9":3,"10":1,"11":6,"12":0},"fnMap":{"1":{"name":"(anonymous_1)","line":26,"loc":{"start":{"line":26,"column":1},"end":{"line":26,"column":13}}},"2":{"name":"(anonymous_2)","line":33,"loc":{"start":{"line":33,"column":5},"end":{"line":33,"column":17}}},"3":{"name":"(anonymous_3)","line":37,"loc":{"start":{"line":37,"column":24},"end":{"line":37,"column":36}}},"4":{"name":"(anonymous_4)","line":69,"loc":{"start":{"line":69,"column":31},"end":{"line":69,"column":48}},"skip":true},"5":{"name":"(anonymous_5)","line":78,"loc":{"start":{"line":78,"column":26},"end":{"line":78,"column":45}},"skip":true},"6":{"name":"(anonymous_6)","line":123,"loc":{"start":{"line":123,"column":33},"end":{"line":123,"column":48}},"skip":true},"7":{"name":"(anonymous_7)","line":125,"loc":{"start":{"line":125,"column":27},"end":{"line":125,"column":39}},"skip":true},"8":{"name":"(anonymous_8)","line":133,"loc":{"start":{"line":133,"column":59},"end":{"line":133,"column":74}},"skip":true},"9":{"name":"(anonymous_9)","line":143,"loc":{"start":{"line":143,"column":45},"end":{"line":143,"column":62}},"skip":true},"10":{"name":"(anonymous_10)","line":144,"loc":{"start":{"line":144,"column":73},"end":{"line":144,"column":92}},"skip":true},"11":{"name":"(anonymous_11)","line":272,"loc":{"start":{"line":272,"column":51},"end":{"line":272,"column":77}},"skip":true},"12":{"name":"(anonymous_12)","line":315,"loc":{"start":{"line":315,"column":32},"end":{"line":315,"column":61}},"skip":true}},"statementMap":{"1":{"start":{"line":26,"column":0},"end":{"line":326,"column":5}},"2":{"start":{"line":28,"column":4},"end":{"line":28,"column":14}},"3":{"start":{"line":33,"column":4},"end":{"line":60,"column":9}},"4":{"start":{"line":35,"column":8},"end":{"line":35,"column":19}},"5":{"start":{"line":37,"column":8},"end":{"line":49,"column":13}},"6":{"start":{"line":38,"column":12},"end":{"line":48,"column":13}},"7":{"start":{"line":39,"column":16},"end":{"line":42,"column":30}},"8":{"start":{"line":44,"column":16},"end":{"line":47,"column":27}},"9":{"start":{"line":51,"column":8},"end":{"line":53,"column":21}},"10":{"start":{"line":55,"column":8},"end":{"line":57,"column":45}},"11":{"start":{"line":59,"column":8},"end":{"line":59,"column":35}},"12":{"start":{"line":61,"column":4},"end":{"line":325,"column":5}},"13":{"start":{"line":69,"column":8},"end":{"line":121,"column":10},"skip":true},"14":{"start":{"line":70,"column":12},"end":{"line":88,"column":13},"skip":true},"15":{"start":{"line":76,"column":16},"end":{"line":87,"column":19},"skip":true},"16":{"start":{"line":79,"column":20},"end":{"line":86,"column":21},"skip":true},"17":{"start":{"line":82,"column":24},"end":{"line":82,"column":43},"skip":true},"18":{"start":{"line":83,"column":24},"end":{"line":83,"column":30},"skip":true},"19":{"start":{"line":85,"column":24},"end":{"line":85,"column":49},"skip":true},"20":{"start":{"line":89,"column":12},"end":{"line":107,"column":13},"skip":true},"21":{"start":{"line":92,"column":16},"end":{"line":102,"column":17},"skip":true},"22":{"start":{"line":93,"column":20},"end":{"line":93,"column":86},"skip":true},"23":{"start":{"line":94,"column":20},"end":{"line":95,"column":45},"skip":true},"24":{"start":{"line":96,"column":20},"end":{"line":96,"column":42},"skip":true},"25":{"start":{"line":97,"column":20},"end":{"line":97,"column":48},"skip":true},"26":{"start":{"line":100,"column":20},"end":{"line":100,"column":85},"skip":true},"27":{"start":{"line":101,"column":20},"end":{"line":101,"column":96},"skip":true},"28":{"start":{"line":103,"column":16},"end":{"line":103,"column":22},"skip":true},"29":{"start":{"line":106,"column":16},"end":{"line":106,"column":22},"skip":true},"30":{"start":{"line":108,"column":12},"end":{"line":120,"column":13},"skip":true},"31":{"start":{"line":114,"column":16},"end":{"line":119,"column":17},"skip":true},"32":{"start":{"line":116,"column":20},"end":{"line":116,"column":78},"skip":true},"33":{"start":{"line":118,"column":20},"end":{"line":118,"column":47},"skip":true},"34":{"start":{"line":123,"column":8},"end":{"line":141,"column":11},"skip":true},"35":{"start":{"line":124,"column":12},"end":{"line":124,"column":54},"skip":true},"36":{"start":{"line":125,"column":12},"end":{"line":140,"column":14},"skip":true},"37":{"start":{"line":126,"column":16},"end":{"line":126,"column":28},"skip":true},"38":{"start":{"line":127,"column":16},"end":{"line":127,"column":69},"skip":true},"39":{"start":{"line":128,"column":16},"end":{"line":128,"column":75},"skip":true},"40":{"start":{"line":129,"column":16},"end":{"line":131,"column":17},"skip":true},"41":{"start":{"line":130,"column":20},"end":{"line":130,"column":27},"skip":true},"42":{"start":{"line":133,"column":16},"end":{"line":137,"column":36},"skip":true},"43":{"start":{"line":134,"column":20},"end":{"line":136,"column":55},"skip":true},"44":{"start":{"line":139,"column":16},"end":{"line":139,"column":57},"skip":true},"45":{"start":{"line":143,"column":8},"end":{"line":147,"column":11},"skip":true},"46":{"start":{"line":144,"column":12},"end":{"line":146,"column":15},"skip":true},"47":{"start":{"line":145,"column":16},"end":{"line":145,"column":70},"skip":true},"48":{"start":{"line":149,"column":8},"end":{"line":149,"column":31},"skip":true},"49":{"start":{"line":150,"column":8},"end":{"line":150,"column":14},"skip":true},"50":{"start":{"line":158,"column":8},"end":{"line":158,"column":31},"skip":true},"51":{"start":{"line":160,"column":8},"end":{"line":160,"column":33},"skip":true},"52":{"start":{"line":161,"column":8},"end":{"line":161,"column":37},"skip":true},"53":{"start":{"line":162,"column":8},"end":{"line":162,"column":35},"skip":true},"54":{"start":{"line":164,"column":8},"end":{"line":164,"column":50},"skip":true},"55":{"start":{"line":166,"column":8},"end":{"line":256,"column":2},"skip":true},"56":{"start":{"line":258,"column":8},"end":{"line":286,"column":9},"skip":true},"57":{"start":{"line":259,"column":12},"end":{"line":269,"column":14},"skip":true},"58":{"start":{"line":271,"column":12},"end":{"line":285,"column":19},"skip":true},"59":{"start":{"line":274,"column":20},"end":{"line":274,"column":35},"skip":true},"60":{"start":{"line":275,"column":20},"end":{"line":284,"column":21},"skip":true},"61":{"start":{"line":277,"column":24},"end":{"line":277,"column":64},"skip":true},"62":{"start":{"line":279,"column":24},"end":{"line":279,"column":40},"skip":true},"63":{"start":{"line":281,"column":24},"end":{"line":281,"column":40},"skip":true},"64":{"start":{"line":283,"column":24},"end":{"line":283,"column":39},"skip":true},"65":{"start":{"line":288,"column":8},"end":{"line":290,"column":9},"skip":true},"66":{"start":{"line":289,"column":12},"end":{"line":289,"column":18},"skip":true},"67":{"start":{"line":291,"column":8},"end":{"line":293,"column":54},"skip":true},"68":{"start":{"line":296,"column":8},"end":{"line":301,"column":37},"skip":true},"69":{"start":{"line":303,"column":8},"end":{"line":303,"column":82},"skip":true},"70":{"start":{"line":306,"column":8},"end":{"line":308,"column":9},"skip":true},"71":{"start":{"line":307,"column":12},"end":{"line":307,"column":82},"skip":true},"72":{"start":{"line":310,"column":8},"end":{"line":312,"column":9},"skip":true},"73":{"start":{"line":311,"column":12},"end":{"line":311,"column":18},"skip":true},"74":{"start":{"line":313,"column":8},"end":{"line":313,"column":54},"skip":true},"75":{"start":{"line":314,"column":8},"end":{"line":314,"column":69},"skip":true},"76":{"start":{"line":315,"column":8},"end":{"line":323,"column":36},"skip":true},"77":{"start":{"line":316,"column":12},"end":{"line":316,"column":61},"skip":true},"78":{"start":{"line":317,"column":12},"end":{"line":320,"column":13},"skip":true},"79":{"start":{"line":318,"column":16},"end":{"line":318,"column":75},"skip":true},"80":{"start":{"line":319,"column":16},"end":{"line":319,"column":23},"skip":true},"81":{"start":{"line":321,"column":12},"end":{"line":321,"column":38},"skip":true},"82":{"start":{"line":322,"column":12},"end":{"line":322,"column":27},"skip":true},"83":{"start":{"line":324,"column":8},"end":{"line":324,"column":14},"skip":true}},"branchMap":{"1":{"line":39,"type":"binary-expr","locations":[{"start":{"line":39,"column":23},"end":{"line":39,"column":62}},{"start":{"line":40,"column":20},"end":{"line":40,"column":70}},{"start":{"line":41,"column":20},"end":{"line":41,"column":71}},{"start":{"line":42,"column":20},"end":{"line":42,"column":29}}]},"2":{"line":44,"type":"binary-expr","locations":[{"start":{"line":44,"column":23},"end":{"line":44,"column":37}},{"start":{"line":45,"column":20},"end":{"line":45,"column":61}},{"start":{"line":46,"column":20},"end":{"line":46,"column":70}},{"start":{"line":47,"column":20},"end":{"line":47,"column":26}}]},"3":{"line":51,"type":"cond-expr","locations":[{"start":{"line":52,"column":14},"end":{"line":52,"column":20}},{"start":{"line":53,"column":14},"end":{"line":53,"column":20}}]},"4":{"line":55,"type":"binary-expr","locations":[{"start":{"line":55,"column":16},"end":{"line":55,"column":44}},{"start":{"line":55,"column":49},"end":{"line":57,"column":43}}]},"5":{"line":55,"type":"cond-expr","locations":[{"start":{"line":56,"column":14},"end":{"line":56,"column":47}},{"start":{"line":57,"column":14},"end":{"line":57,"column":43}}]},"6":{"line":61,"type":"switch","locations":[{"start":{"line":68,"column":4},"end":{"line":150,"column":14},"skip":true},{"start":{"line":156,"column":4},"end":{"line":324,"column":14},"skip":true}]},"7":{"line":70,"type":"if","locations":[{"start":{"line":70,"column":12},"end":{"line":70,"column":12},"skip":true},{"start":{"line":70,"column":12},"end":{"line":70,"column":12},"skip":true}]},"8":{"line":70,"type":"binary-expr","locations":[{"start":{"line":70,"column":16},"end":{"line":70,"column":22},"skip":true},{"start":{"line":70,"column":27},"end":{"line":70,"column":32},"skip":true},{"start":{"line":71,"column":20},"end":{"line":71,"column":39},"skip":true},{"start":{"line":72,"column":20},"end":{"line":72,"column":49},"skip":true},{"start":{"line":73,"column":20},"end":{"line":73,"column":58},"skip":true},{"start":{"line":74,"column":20},"end":{"line":74,"column":69},"skip":true}]},"9":{"line":79,"type":"switch","locations":[{"start":{"line":80,"column":20},"end":{"line":80,"column":33},"skip":true},{"start":{"line":81,"column":20},"end":{"line":83,"column":30},"skip":true},{"start":{"line":84,"column":20},"end":{"line":85,"column":49},"skip":true}]},"10":{"line":89,"type":"switch","locations":[{"start":{"line":90,"column":12},"end":{"line":103,"column":22},"skip":true},{"start":{"line":105,"column":12},"end":{"line":106,"column":22},"skip":true}]},"11":{"line":89,"type":"binary-expr","locations":[{"start":{"line":89,"column":20},"end":{"line":89,"column":25},"skip":true},{"start":{"line":89,"column":29},"end":{"line":89,"column":48},"skip":true},{"start":{"line":89,"column":52},"end":{"line":89,"column":74},"skip":true}]},"12":{"line":92,"type":"if","locations":[{"start":{"line":92,"column":16},"end":{"line":92,"column":16},"skip":true},{"start":{"line":92,"column":16},"end":{"line":92,"column":16},"skip":true}]},"13":{"line":108,"type":"if","locations":[{"start":{"line":108,"column":12},"end":{"line":108,"column":12},"skip":true},{"start":{"line":108,"column":12},"end":{"line":108,"column":12},"skip":true}]},"14":{"line":108,"type":"binary-expr","locations":[{"start":{"line":108,"column":16},"end":{"line":108,"column":61},"skip":true},{"start":{"line":108,"column":66},"end":{"line":108,"column":72},"skip":true},{"start":{"line":108,"column":77},"end":{"line":108,"column":82},"skip":true},{"start":{"line":109,"column":20},"end":{"line":109,"column":39},"skip":true},{"start":{"line":110,"column":20},"end":{"line":110,"column":49},"skip":true},{"start":{"line":111,"column":20},"end":{"line":111,"column":58},"skip":true},{"start":{"line":112,"column":20},"end":{"line":112,"column":68},"skip":true}]},"15":{"line":129,"type":"if","locations":[{"start":{"line":129,"column":16},"end":{"line":129,"column":16},"skip":true},{"start":{"line":129,"column":16},"end":{"line":129,"column":16},"skip":true}]},"16":{"line":134,"type":"cond-expr","locations":[{"start":{"line":135,"column":26},"end":{"line":135,"column":29},"skip":true},{"start":{"line":136,"column":26},"end":{"line":136,"column":54},"skip":true}]},"17":{"line":164,"type":"binary-expr","locations":[{"start":{"line":164,"column":27},"end":{"line":164,"column":43},"skip":true},{"start":{"line":164,"column":47},"end":{"line":164,"column":49},"skip":true}]},"18":{"line":258,"type":"if","locations":[{"start":{"line":258,"column":8},"end":{"line":258,"column":8},"skip":true},{"start":{"line":258,"column":8},"end":{"line":258,"column":8},"skip":true}]},"19":{"line":275,"type":"switch","locations":[{"start":{"line":276,"column":20},"end":{"line":277,"column":64},"skip":true},{"start":{"line":278,"column":20},"end":{"line":279,"column":40},"skip":true},{"start":{"line":280,"column":20},"end":{"line":281,"column":40},"skip":true},{"start":{"line":282,"column":20},"end":{"line":283,"column":39},"skip":true}]},"20":{"line":288,"type":"if","locations":[{"start":{"line":288,"column":8},"end":{"line":288,"column":8},"skip":true},{"start":{"line":288,"column":8},"end":{"line":288,"column":8},"skip":true}]},"21":{"line":288,"type":"binary-expr","locations":[{"start":{"line":288,"column":12},"end":{"line":288,"column":40},"skip":true},{"start":{"line":288,"column":44},"end":{"line":288,"column":67},"skip":true}]},"22":{"line":292,"type":"binary-expr","locations":[{"start":{"line":292,"column":12},"end":{"line":292,"column":50},"skip":true},{"start":{"line":293,"column":12},"end":{"line":293,"column":53},"skip":true}]},"23":{"line":297,"type":"binary-expr","locations":[{"start":{"line":297,"column":12},"end":{"line":297,"column":61},"skip":true},{"start":{"line":298,"column":12},"end":{"line":301,"column":36},"skip":true}]},"24":{"line":303,"type":"binary-expr","locations":[{"start":{"line":303,"column":43},"end":{"line":303,"column":75},"skip":true},{"start":{"line":303,"column":79},"end":{"line":303,"column":81},"skip":true}]},"25":{"line":306,"type":"if","locations":[{"start":{"line":306,"column":8},"end":{"line":306,"column":8},"skip":true},{"start":{"line":306,"column":8},"end":{"line":306,"column":8},"skip":true}]},"26":{"line":310,"type":"if","locations":[{"start":{"line":310,"column":8},"end":{"line":310,"column":8},"skip":true},{"start":{"line":310,"column":8},"end":{"line":310,"column":8},"skip":true}]},"27":{"line":313,"type":"binary-expr","locations":[{"start":{"line":313,"column":27},"end":{"line":313,"column":43},"skip":true},{"start":{"line":313,"column":47},"end":{"line":313,"column":53},"skip":true}]},"28":{"line":317,"type":"if","locations":[{"start":{"line":317,"column":12},"end":{"line":317,"column":12},"skip":true},{"start":{"line":317,"column":12},"end":{"line":317,"column":12},"skip":true}]}},"code":["/*","example.js","","quickstart example","","instruction","    1. save this script as example.js","    2. run the shell command:","        $ npm install npmtest-csv && PORT=8081 node example.js","    3. play with the browser-demo on http://127.0.0.1:8081","*/","","","","/* istanbul instrument in package npmtest_csv */","/*jslint","    bitwise: true,","    browser: true,","    maxerr: 8,","    maxlen: 96,","    node: true,","    nomen: true,","    regexp: true,","    stupid: true","*/","(function () {","    'use strict';","    var local;","","","","    // run shared js-env code - pre-init","    (function () {","        // init local","        local = {};","        // init modeJs","        local.modeJs = (function () {","            try {","                return typeof navigator.userAgent === 'string' &&","                    typeof document.querySelector('body') === 'object' &&","                    typeof XMLHttpRequest.prototype.open === 'function' &&","                    'browser';","            } catch (errorCaughtBrowser) {","                return module.exports &&","                    typeof process.versions.node === 'string' &&","                    typeof require('http').createServer === 'function' &&","                    'node';","            }","        }());","        // init global","        local.global = local.modeJs === 'browser'","            ? window","            : global;","        // init utility2_rollup","        local = local.global.utility2_rollup || (local.modeJs === 'browser'","            ? local.global.utility2_npmtest_csv","            : global.utility2_moduleExports);","        // export local","        local.global.local = local;","    }());","    switch (local.modeJs) {","","","","    // post-init","    // run browser js-env code - post-init","    /* istanbul ignore next */","    case 'browser':","        local.testRunBrowser = function (event) {","            if (!event || (event &&","                    event.currentTarget &&","                    event.currentTarget.className &&","                    event.currentTarget.className.includes &&","                    event.currentTarget.className.includes('onreset'))) {","                // reset output","                Array.from(","                    document.querySelectorAll('body > .resettable')","                ).forEach(function (element) {","                    switch (element.tagName) {","                    case 'INPUT':","                    case 'TEXTAREA':","                        element.value = '';","                        break;","                    default:","                        element.textContent = '';","                    }","                });","            }","            switch (event && event.currentTarget && event.currentTarget.id) {","            case 'testRunButton1':","                // show tests","                if (document.querySelector('#testReportDiv1').style.display === 'none') {","                    document.querySelector('#testReportDiv1').style.display = 'block';","                    document.querySelector('#testRunButton1').textContent =","                        'hide internal test';","                    local.modeTest = true;","                    local.testRunDefault(local);","                // hide tests","                } else {","                    document.querySelector('#testReportDiv1').style.display = 'none';","                    document.querySelector('#testRunButton1').textContent = 'run internal test';","                }","                break;","            // custom-case","            default:","                break;","            }","            if (document.querySelector('#inputTextareaEval1') && (!event || (event &&","                    event.currentTarget &&","                    event.currentTarget.className &&","                    event.currentTarget.className.includes &&","                    event.currentTarget.className.includes('oneval')))) {","                // try to eval input-code","                try {","                    /*jslint evil: true*/","                    eval(document.querySelector('#inputTextareaEval1').value);","                } catch (errorCaught) {","                    console.error(errorCaught);","                }","            }","        };","        // log stderr and stdout to #outputTextareaStdout1","        ['error', 'log'].forEach(function (key) {","            console[key + '_original'] = console[key];","            console[key] = function () {","                var element;","                console[key + '_original'].apply(console, arguments);","                element = document.querySelector('#outputTextareaStdout1');","                if (!element) {","                    return;","                }","                // append text to #outputTextareaStdout1","                element.value += Array.from(arguments).map(function (arg) {","                    return typeof arg === 'string'","                        ? arg","                        : JSON.stringify(arg, null, 4);","                }).join(' ') + '\\n';","                // scroll textarea to bottom","                element.scrollTop = element.scrollHeight;","            };","        });","        // init event-handling","        ['change', 'click', 'keyup'].forEach(function (event) {","            Array.from(document.querySelectorAll('.on' + event)).forEach(function (element) {","                element.addEventListener(event, local.testRunBrowser);","            });","        });","        // run tests","        local.testRunBrowser();","        break;","","","","    // run node js-env code - post-init","    /* istanbul ignore next */","    case 'node':","        // export local","        module.exports = local;","        // require modules","        local.fs = require('fs');","        local.http = require('http');","        local.url = require('url');","        // init assets","        local.assetsDict = local.assetsDict || {};","        /* jslint-ignore-begin */","        local.assetsDict['/assets.index.template.html'] = '\\","<!doctype html>\\n\\","<html lang=\"en\">\\n\\","<head>\\n\\","<meta charset=\"UTF-8\">\\n\\","<meta name=\"viewport\" content=\"width=device-width, initial-scale=1\">\\n\\","<title>{{env.npm_package_name}} (v{{env.npm_package_version}})</title>\\n\\","<style>\\n\\","/*csslint\\n\\","    box-sizing: false,\\n\\","    universal-selector: false\\n\\","*/\\n\\","* {\\n\\","    box-sizing: border-box;\\n\\","}\\n\\","body {\\n\\","    background: #dde;\\n\\","    font-family: Arial, Helvetica, sans-serif;\\n\\","    margin: 2rem;\\n\\","}\\n\\","body > * {\\n\\","    margin-bottom: 1rem;\\n\\","}\\n\\",".utility2FooterDiv {\\n\\","    margin-top: 20px;\\n\\","    text-align: center;\\n\\","}\\n\\","</style>\\n\\","<style>\\n\\","/*csslint\\n\\","*/\\n\\","textarea {\\n\\","    font-family: monospace;\\n\\","    height: 10rem;\\n\\","    width: 100%;\\n\\","}\\n\\","textarea[readonly] {\\n\\","    background: #ddd;\\n\\","}\\n\\","</style>\\n\\","</head>\\n\\","<body>\\n\\","<!-- utility2-comment\\n\\","<div id=\"ajaxProgressDiv1\" style=\"background: #d00; height: 2px; left: 0; margin: 0; padding: 0; position: fixed; top: 0; transition: background 0.5s, width 1.5s; width: 25%;\"></div>\\n\\","utility2-comment -->\\n\\","<h1>\\n\\","<!-- utility2-comment\\n\\","    <a\\n\\","        {{#if env.npm_package_homepage}}\\n\\","        href=\"{{env.npm_package_homepage}}\"\\n\\","        {{/if env.npm_package_homepage}}\\n\\","        target=\"_blank\"\\n\\","    >\\n\\","utility2-comment -->\\n\\","        {{env.npm_package_name}} (v{{env.npm_package_version}})\\n\\","<!-- utility2-comment\\n\\","    </a>\\n\\","utility2-comment -->\\n\\","</h1>\\n\\","<h3>{{env.npm_package_description}}</h3>\\n\\","<!-- utility2-comment\\n\\","<h4><a download href=\"assets.app.js\">download standalone app</a></h4>\\n\\","<button class=\"onclick onreset\" id=\"testRunButton1\">run internal test</button><br>\\n\\","<div id=\"testReportDiv1\" style=\"display: none;\"></div>\\n\\","utility2-comment -->\\n\\","\\n\\","\\n\\","\\n\\","<label>stderr and stdout</label>\\n\\","<textarea class=\"resettable\" id=\"outputTextareaStdout1\" readonly></textarea>\\n\\","<!-- utility2-comment\\n\\","{{#if isRollup}}\\n\\","<script src=\"assets.app.js\"></script>\\n\\","{{#unless isRollup}}\\n\\","utility2-comment -->\\n\\","<script src=\"assets.utility2.rollup.js\"></script>\\n\\","<script src=\"jsonp.utility2._stateInit?callback=window.utility2._stateInit\"></script>\\n\\","<script src=\"assets.npmtest_csv.rollup.js\"></script>\\n\\","<script src=\"assets.example.js\"></script>\\n\\","<script src=\"assets.test.js\"></script>\\n\\","<!-- utility2-comment\\n\\","{{/if isRollup}}\\n\\","utility2-comment -->\\n\\","<div class=\"utility2FooterDiv\">\\n\\","    [ this app was created with\\n\\","    <a href=\"https://github.com/kaizhu256/node-utility2\" target=\"_blank\">utility2</a>\\n\\","    ]\\n\\","</div>\\n\\","</body>\\n\\","</html>\\n\\","';","        /* jslint-ignore-end */","        if (local.templateRender) {","            local.assetsDict['/'] = local.templateRender(","                local.assetsDict['/assets.index.template.html'],","                {","                    env: local.objectSetDefault(local.env, {","                        npm_package_description: 'the greatest app in the world!',","                        npm_package_name: 'my-app',","                        npm_package_nameAlias: 'my_app',","                        npm_package_version: '0.0.1'","                    })","                }","            );","        } else {","            local.assetsDict['/'] = local.assetsDict['/assets.index.template.html']","                .replace((/\\{\\{env\\.(\\w+?)\\}\\}/g), function (match0, match1) {","                    // jslint-hack","                    String(match0);","                    switch (match1) {","                    case 'npm_package_description':","                        return 'the greatest app in the world!';","                    case 'npm_package_name':","                        return 'my-app';","                    case 'npm_package_nameAlias':","                        return 'my_app';","                    case 'npm_package_version':","                        return '0.0.1';","                    }","                });","        }","        // run the cli","        if (local.global.utility2_rollup || module !== require.main) {","            break;","        }","        local.assetsDict['/assets.example.js'] =","            local.assetsDict['/assets.example.js'] ||","            local.fs.readFileSync(__filename, 'utf8');","        // bug-workaround - long $npm_package_buildCustomOrg","        /* jslint-ignore-begin */","        local.assetsDict['/assets.npmtest_csv.rollup.js'] =","            local.assetsDict['/assets.npmtest_csv.rollup.js'] ||","            local.fs.readFileSync(","                local.npmtest_csv.__dirname + '/lib.npmtest_csv.js',","                'utf8'","            ).replace((/^#!/), '//');","        /* jslint-ignore-end */","        local.assetsDict['/favicon.ico'] = local.assetsDict['/favicon.ico'] || '';","        // if $npm_config_timeout_exit exists,","        // then exit this process after $npm_config_timeout_exit ms","        if (Number(process.env.npm_config_timeout_exit)) {","            setTimeout(process.exit, Number(process.env.npm_config_timeout_exit));","        }","        // start server","        if (local.global.utility2_serverHttp1) {","            break;","        }","        process.env.PORT = process.env.PORT || '8081';","        console.error('server starting on port ' + process.env.PORT);","        local.http.createServer(function (request, response) {","            request.urlParsed = local.url.parse(request.url);","            if (local.assetsDict[request.urlParsed.pathname] !== undefined) {","                response.end(local.assetsDict[request.urlParsed.pathname]);","                return;","            }","            response.statusCode = 404;","            response.end();","        }).listen(process.env.PORT);","        break;","    }","}());",""],"l":{"26":2,"28":2,"33":2,"35":2,"37":2,"38":2,"39":2,"44":1,"51":2,"55":2,"59":2,"61":2,"69":1,"70":2,"76":2,"79":2,"82":2,"83":2,"85":1,"89":2,"92":1,"93":1,"94":1,"96":1,"97":1,"100":1,"101":1,"103":1,"106":1,"108":2,"114":1,"116":1,"118":1,"123":1,"124":2,"125":2,"126":3,"127":3,"128":3,"129":3,"130":1,"133":3,"134":3,"139":3,"143":1,"144":3,"145":1,"149":1,"150":1,"158":1,"160":1,"161":1,"162":1,"164":1,"166":1,"258":1,"259":1,"271":1,"274":6,"275":6,"277":1,"279":2,"281":1,"283":2,"288":1,"289":1,"291":1,"296":1,"303":1,"306":1,"307":1,"310":1,"311":1,"313":1,"314":1,"315":1,"316":1,"317":1,"318":1,"319":1,"321":1,"322":1,"324":1}},"/home/travis/build/npmtest/node-npmtest-csv/node_modules/csv/lib/index.js":{"path":"/home/travis/build/npmtest/node-npmtest-csv/node_modules/csv/lib/index.js","s":{"1":1,"2":1,"3":1,"4":1,"5":1,"6":1,"7":1,"8":1,"9":1},"b":{},"f":{},"fnMap":{},"statementMap":{"1":{"start":{"line":2,"column":0},"end":{"line":2,"column":42}},"2":{"start":{"line":4,"column":0},"end":{"line":4,"column":35}},"3":{"start":{"line":6,"column":0},"end":{"line":6,"column":29}},"4":{"start":{"line":8,"column":0},"end":{"line":8,"column":40}},"5":{"start":{"line":10,"column":0},"end":{"line":10,"column":37}},"6":{"start":{"line":12,"column":0},"end":{"line":12,"column":35}},"7":{"start":{"line":14,"column":0},"end":{"line":14,"column":29}},"8":{"start":{"line":16,"column":0},"end":{"line":16,"column":37}},"9":{"start":{"line":18,"column":0},"end":{"line":18,"column":37}}},"branchMap":{},"code":["// Generated by CoffeeScript 1.7.1","var generate, parse, stringify, transform;","","generate = require('csv-generate');","","parse = require('csv-parse');","","transform = require('stream-transform');","","stringify = require('csv-stringify');","","module.exports.generate = generate;","","module.exports.parse = parse;","","module.exports.transform = transform;","","module.exports.stringify = stringify;",""],"l":{"2":1,"4":1,"6":1,"8":1,"10":1,"12":1,"14":1,"16":1,"18":1}},"/home/travis/build/npmtest/node-npmtest-csv/node_modules/csv-generate/lib/index.js":{"path":"/home/travis/build/npmtest/node-npmtest-csv/node_modules/csv-generate/lib/index.js","s":{"1":1,"2":1,"3":1,"4":1,"5":3,"6":3,"7":1,"8":1,"9":2,"10":2,"11":0,"12":0,"13":2,"14":0,"15":0,"16":3,"17":3,"18":1,"19":1,"20":1,"21":1,"22":1,"23":1,"24":1,"25":1,"26":1,"27":1,"28":3,"29":1,"30":3,"31":3,"32":3,"33":3,"34":3,"35":3,"36":3,"37":0,"38":3,"39":3,"40":3,"41":3,"42":3,"43":3,"44":3,"45":3,"46":3,"47":3,"48":3,"49":0,"50":3,"51":0,"52":3,"53":3,"54":3,"55":3,"56":3,"57":3,"58":3,"59":3,"60":6,"61":6,"62":6,"63":6,"64":6,"65":3,"66":1,"67":1,"68":1,"69":972,"70":972,"71":0,"72":1,"73":0,"74":1,"75":3,"76":3,"77":3,"78":3,"79":0,"80":3,"81":63,"82":3,"83":3,"84":0,"85":0,"86":0,"87":0,"88":3,"89":3,"90":3,"91":60,"92":60,"93":60,"94":120,"95":120,"96":60,"97":0,"98":0,"99":0,"100":0,"101":60,"102":60,"103":60,"104":60,"105":0,"106":0,"107":0,"108":0,"109":0,"110":0,"111":0,"112":0,"113":0,"114":0,"115":0,"116":0,"117":0,"118":60,"119":60,"120":1,"121":120,"122":120,"123":120,"124":852,"125":852,"126":120,"127":1,"128":0,"129":1,"130":0},"b":{"1":[1,2],"2":[2,0],"3":[0,2],"4":[0,0],"5":[1,2],"6":[0,1],"7":[0,1],"8":[3,0],"9":[3,0],"10":[0,3],"11":[3,0],"12":[3,0],"13":[3,0],"14":[3,0],"15":[3,0],"16":[0,3],"17":[0,3],"18":[3,0],"19":[3,0],"20":[6,0],"21":[6,0],"22":[972,0],"23":[0,3],"24":[3,60],"25":[63,60,0],"26":[3,0],"27":[0,3],"28":[0,60],"29":[3,57],"30":[0,60],"31":[0,0],"32":[0,0],"33":[972,0],"34":[852,0],"35":[486,366]},"f":{"1":3,"2":1,"3":1,"4":3,"5":972,"6":0,"7":3,"8":120,"9":0,"10":0},"fnMap":{"1":{"name":"(anonymous_1)","line":8,"loc":{"start":{"line":8,"column":17},"end":{"line":8,"column":28}}},"2":{"name":"(anonymous_2)","line":26,"loc":{"start":{"line":26,"column":29},"end":{"line":26,"column":40}}},"3":{"name":"(anonymous_3)","line":35,"loc":{"start":{"line":35,"column":24},"end":{"line":35,"column":35}}},"4":{"name":"(anonymous_4)","line":42,"loc":{"start":{"line":42,"column":12},"end":{"line":42,"column":31}}},"5":{"name":"(anonymous_5)","line":99,"loc":{"start":{"line":99,"column":29},"end":{"line":99,"column":40}}},"6":{"name":"(anonymous_6)","line":107,"loc":{"start":{"line":107,"column":26},"end":{"line":107,"column":37}}},"7":{"name":"(anonymous_7)","line":111,"loc":{"start":{"line":111,"column":28},"end":{"line":111,"column":43}}},"8":{"name":"(anonymous_8)","line":176,"loc":{"start":{"line":176,"column":18},"end":{"line":176,"column":32}}},"9":{"name":"(anonymous_9)","line":186,"loc":{"start":{"line":186,"column":16},"end":{"line":186,"column":30}}},"10":{"name":"(anonymous_10)","line":190,"loc":{"start":{"line":190,"column":17},"end":{"line":190,"column":31}}}},"statementMap":{"1":{"start":{"line":2,"column":0},"end":{"line":2,"column":28}},"2":{"start":{"line":4,"column":0},"end":{"line":4,"column":27}},"3":{"start":{"line":6,"column":0},"end":{"line":6,"column":23}},"4":{"start":{"line":8,"column":0},"end":{"line":40,"column":2}},"5":{"start":{"line":9,"column":2},"end":{"line":9,"column":41}},"6":{"start":{"line":10,"column":2},"end":{"line":22,"column":3}},"7":{"start":{"line":11,"column":4},"end":{"line":11,"column":27}},"8":{"start":{"line":12,"column":4},"end":{"line":12,"column":28}},"9":{"start":{"line":13,"column":9},"end":{"line":22,"column":3}},"10":{"start":{"line":14,"column":4},"end":{"line":19,"column":5}},"11":{"start":{"line":15,"column":6},"end":{"line":15,"column":19}},"12":{"start":{"line":16,"column":6},"end":{"line":16,"column":30}},"13":{"start":{"line":18,"column":6},"end":{"line":18,"column":29}},"14":{"start":{"line":20,"column":9},"end":{"line":22,"column":3}},"15":{"start":{"line":21,"column":4},"end":{"line":21,"column":17}},"16":{"start":{"line":23,"column":2},"end":{"line":23,"column":37}},"17":{"start":{"line":24,"column":2},"end":{"line":38,"column":3}},"18":{"start":{"line":25,"column":4},"end":{"line":25,"column":14}},"19":{"start":{"line":26,"column":4},"end":{"line":33,"column":7}},"20":{"start":{"line":27,"column":6},"end":{"line":27,"column":21}},"21":{"start":{"line":28,"column":6},"end":{"line":28,"column":19}},"22":{"start":{"line":29,"column":6},"end":{"line":31,"column":7}},"23":{"start":{"line":30,"column":8},"end":{"line":30,"column":71}},"24":{"start":{"line":32,"column":6},"end":{"line":32,"column":21}},"25":{"start":{"line":34,"column":4},"end":{"line":34,"column":36}},"26":{"start":{"line":35,"column":4},"end":{"line":37,"column":7}},"27":{"start":{"line":36,"column":6},"end":{"line":36,"column":71}},"28":{"start":{"line":39,"column":2},"end":{"line":39,"column":19}},"29":{"start":{"line":42,"column":0},"end":{"line":93,"column":2}},"30":{"start":{"line":43,"column":2},"end":{"line":43,"column":86}},"31":{"start":{"line":44,"column":2},"end":{"line":44,"column":50}},"32":{"start":{"line":45,"column":2},"end":{"line":45,"column":43}},"33":{"start":{"line":46,"column":2},"end":{"line":46,"column":25}},"34":{"start":{"line":47,"column":2},"end":{"line":49,"column":3}},"35":{"start":{"line":48,"column":4},"end":{"line":48,"column":34}},"36":{"start":{"line":50,"column":2},"end":{"line":52,"column":3}},"37":{"start":{"line":51,"column":4},"end":{"line":51,"column":22}},"38":{"start":{"line":53,"column":2},"end":{"line":55,"column":3}},"39":{"start":{"line":54,"column":4},"end":{"line":54,"column":31}},"40":{"start":{"line":56,"column":2},"end":{"line":58,"column":3}},"41":{"start":{"line":57,"column":4},"end":{"line":57,"column":29}},"42":{"start":{"line":59,"column":2},"end":{"line":61,"column":3}},"43":{"start":{"line":60,"column":4},"end":{"line":60,"column":32}},"44":{"start":{"line":62,"column":2},"end":{"line":64,"column":3}},"45":{"start":{"line":63,"column":4},"end":{"line":63,"column":29}},"46":{"start":{"line":65,"column":2},"end":{"line":67,"column":3}},"47":{"start":{"line":66,"column":4},"end":{"line":66,"column":21}},"48":{"start":{"line":68,"column":2},"end":{"line":70,"column":3}},"49":{"start":{"line":69,"column":4},"end":{"line":69,"column":23}},"50":{"start":{"line":71,"column":2},"end":{"line":73,"column":3}},"51":{"start":{"line":72,"column":4},"end":{"line":72,"column":22}},"52":{"start":{"line":74,"column":2},"end":{"line":76,"column":3}},"53":{"start":{"line":75,"column":4},"end":{"line":75,"column":26}},"54":{"start":{"line":77,"column":2},"end":{"line":77,"column":25}},"55":{"start":{"line":78,"column":2},"end":{"line":78,"column":25}},"56":{"start":{"line":79,"column":2},"end":{"line":81,"column":3}},"57":{"start":{"line":80,"column":4},"end":{"line":80,"column":59}},"58":{"start":{"line":82,"column":2},"end":{"line":82,"column":29}},"59":{"start":{"line":83,"column":2},"end":{"line":91,"column":3}},"60":{"start":{"line":84,"column":4},"end":{"line":84,"column":15}},"61":{"start":{"line":85,"column":4},"end":{"line":87,"column":5}},"62":{"start":{"line":86,"column":6},"end":{"line":86,"column":18}},"63":{"start":{"line":88,"column":4},"end":{"line":90,"column":5}},"64":{"start":{"line":89,"column":6},"end":{"line":89,"column":45}},"65":{"start":{"line":92,"column":2},"end":{"line":92,"column":14}},"66":{"start":{"line":95,"column":0},"end":{"line":95,"column":42}},"67":{"start":{"line":97,"column":0},"end":{"line":97,"column":37}},"68":{"start":{"line":99,"column":0},"end":{"line":105,"column":2}},"69":{"start":{"line":100,"column":2},"end":{"line":104,"column":3}},"70":{"start":{"line":101,"column":4},"end":{"line":101,"column":77}},"71":{"start":{"line":103,"column":4},"end":{"line":103,"column":25}},"72":{"start":{"line":107,"column":0},"end":{"line":109,"column":2}},"73":{"start":{"line":108,"column":2},"end":{"line":108,"column":25}},"74":{"start":{"line":111,"column":0},"end":{"line":174,"column":2}},"75":{"start":{"line":112,"column":2},"end":{"line":112,"column":93}},"76":{"start":{"line":113,"column":2},"end":{"line":113,"column":12}},"77":{"start":{"line":114,"column":2},"end":{"line":114,"column":41}},"78":{"start":{"line":115,"column":2},"end":{"line":117,"column":3}},"79":{"start":{"line":116,"column":4},"end":{"line":116,"column":38}},"80":{"start":{"line":118,"column":2},"end":{"line":173,"column":3}},"81":{"start":{"line":119,"column":4},"end":{"line":133,"column":5}},"82":{"start":{"line":120,"column":6},"end":{"line":131,"column":7}},"83":{"start":{"line":121,"column":8},"end":{"line":130,"column":9}},"84":{"start":{"line":122,"column":10},"end":{"line":126,"column":11}},"85":{"start":{"line":123,"column":12},"end":{"line":123,"column":27}},"86":{"start":{"line":124,"column":12},"end":{"line":124,"column":33}},"87":{"start":{"line":125,"column":12},"end":{"line":125,"column":28}},"88":{"start":{"line":128,"column":10},"end":{"line":128,"column":31}},"89":{"start":{"line":129,"column":10},"end":{"line":129,"column":35}},"90":{"start":{"line":132,"column":6},"end":{"line":132,"column":29}},"91":{"start":{"line":134,"column":4},"end":{"line":134,"column":14}},"92":{"start":{"line":135,"column":4},"end":{"line":135,"column":31}},"93":{"start":{"line":136,"column":4},"end":{"line":139,"column":5}},"94":{"start":{"line":137,"column":6},"end":{"line":137,"column":22}},"95":{"start":{"line":138,"column":6},"end":{"line":138,"column":37}},"96":{"start":{"line":140,"column":4},"end":{"line":149,"column":5}},"97":{"start":{"line":141,"column":6},"end":{"line":141,"column":21}},"98":{"start":{"line":142,"column":6},"end":{"line":145,"column":7}},"99":{"start":{"line":143,"column":8},"end":{"line":143,"column":25}},"100":{"start":{"line":144,"column":8},"end":{"line":144,"column":36}},"101":{"start":{"line":147,"column":6},"end":{"line":147,"column":95}},"102":{"start":{"line":148,"column":6},"end":{"line":148,"column":31}},"103":{"start":{"line":150,"column":4},"end":{"line":150,"column":25}},"104":{"start":{"line":151,"column":4},"end":{"line":170,"column":5}},"105":{"start":{"line":152,"column":6},"end":{"line":168,"column":7}},"106":{"start":{"line":153,"column":8},"end":{"line":153,"column":24}},"107":{"start":{"line":154,"column":8},"end":{"line":158,"column":9}},"108":{"start":{"line":155,"column":10},"end":{"line":155,"column":25}},"109":{"start":{"line":156,"column":10},"end":{"line":156,"column":31}},"110":{"start":{"line":157,"column":10},"end":{"line":157,"column":26}},"111":{"start":{"line":160,"column":8},"end":{"line":165,"column":9}},"112":{"start":{"line":161,"column":10},"end":{"line":161,"column":62}},"113":{"start":{"line":162,"column":10},"end":{"line":162,"column":51}},"114":{"start":{"line":164,"column":10},"end":{"line":164,"column":26}},"115":{"start":{"line":166,"column":8},"end":{"line":166,"column":29}},"116":{"start":{"line":167,"column":8},"end":{"line":167,"column":33}},"117":{"start":{"line":169,"column":6},"end":{"line":169,"column":12}},"118":{"start":{"line":171,"column":4},"end":{"line":171,"column":25}},"119":{"start":{"line":172,"column":4},"end":{"line":172,"column":20}},"120":{"start":{"line":176,"column":0},"end":{"line":184,"column":2}},"121":{"start":{"line":177,"column":2},"end":{"line":177,"column":37}},"122":{"start":{"line":178,"column":2},"end":{"line":178,"column":14}},"123":{"start":{"line":179,"column":2},"end":{"line":182,"column":3}},"124":{"start":{"line":180,"column":4},"end":{"line":180,"column":41}},"125":{"start":{"line":181,"column":4},"end":{"line":181,"column":72}},"126":{"start":{"line":183,"column":2},"end":{"line":183,"column":25}},"127":{"start":{"line":186,"column":0},"end":{"line":188,"column":2}},"128":{"start":{"line":187,"column":2},"end":{"line":187,"column":52}},"129":{"start":{"line":190,"column":0},"end":{"line":192,"column":2}},"130":{"start":{"line":191,"column":2},"end":{"line":191,"column":38}}},"branchMap":{"1":{"line":10,"type":"if","locations":[{"start":{"line":10,"column":2},"end":{"line":10,"column":2}},{"start":{"line":10,"column":2},"end":{"line":10,"column":2}}]},"2":{"line":13,"type":"if","locations":[{"start":{"line":13,"column":9},"end":{"line":13,"column":9}},{"start":{"line":13,"column":9},"end":{"line":13,"column":9}}]},"3":{"line":14,"type":"if","locations":[{"start":{"line":14,"column":4},"end":{"line":14,"column":4}},{"start":{"line":14,"column":4},"end":{"line":14,"column":4}}]},"4":{"line":20,"type":"if","locations":[{"start":{"line":20,"column":9},"end":{"line":20,"column":9}},{"start":{"line":20,"column":9},"end":{"line":20,"column":9}}]},"5":{"line":24,"type":"if","locations":[{"start":{"line":24,"column":2},"end":{"line":24,"column":2}},{"start":{"line":24,"column":2},"end":{"line":24,"column":2}}]},"6":{"line":30,"type":"cond-expr","locations":[{"start":{"line":30,"column":52},"end":{"line":30,"column":53}},{"start":{"line":30,"column":56},"end":{"line":30,"column":68}}]},"7":{"line":36,"type":"cond-expr","locations":[{"start":{"line":36,"column":49},"end":{"line":36,"column":53}},{"start":{"line":36,"column":56},"end":{"line":36,"column":69}}]},"8":{"line":44,"type":"cond-expr","locations":[{"start":{"line":44,"column":36},"end":{"line":44,"column":44}},{"start":{"line":44,"column":47},"end":{"line":44,"column":49}}]},"9":{"line":47,"type":"if","locations":[{"start":{"line":47,"column":2},"end":{"line":47,"column":2}},{"start":{"line":47,"column":2},"end":{"line":47,"column":2}}]},"10":{"line":50,"type":"if","locations":[{"start":{"line":50,"column":2},"end":{"line":50,"column":2}},{"start":{"line":50,"column":2},"end":{"line":50,"column":2}}]},"11":{"line":53,"type":"if","locations":[{"start":{"line":53,"column":2},"end":{"line":53,"column":2}},{"start":{"line":53,"column":2},"end":{"line":53,"column":2}}]},"12":{"line":56,"type":"if","locations":[{"start":{"line":56,"column":2},"end":{"line":56,"column":2}},{"start":{"line":56,"column":2},"end":{"line":56,"column":2}}]},"13":{"line":59,"type":"if","locations":[{"start":{"line":59,"column":2},"end":{"line":59,"column":2}},{"start":{"line":59,"column":2},"end":{"line":59,"column":2}}]},"14":{"line":62,"type":"if","locations":[{"start":{"line":62,"column":2},"end":{"line":62,"column":2}},{"start":{"line":62,"column":2},"end":{"line":62,"column":2}}]},"15":{"line":65,"type":"if","locations":[{"start":{"line":65,"column":2},"end":{"line":65,"column":2}},{"start":{"line":65,"column":2},"end":{"line":65,"column":2}}]},"16":{"line":68,"type":"if","locations":[{"start":{"line":68,"column":2},"end":{"line":68,"column":2}},{"start":{"line":68,"column":2},"end":{"line":68,"column":2}}]},"17":{"line":71,"type":"if","locations":[{"start":{"line":71,"column":2},"end":{"line":71,"column":2}},{"start":{"line":71,"column":2},"end":{"line":71,"column":2}}]},"18":{"line":74,"type":"if","locations":[{"start":{"line":74,"column":2},"end":{"line":74,"column":2}},{"start":{"line":74,"column":2},"end":{"line":74,"column":2}}]},"19":{"line":79,"type":"if","locations":[{"start":{"line":79,"column":2},"end":{"line":79,"column":2}},{"start":{"line":79,"column":2},"end":{"line":79,"column":2}}]},"20":{"line":85,"type":"if","locations":[{"start":{"line":85,"column":4},"end":{"line":85,"column":4}},{"start":{"line":85,"column":4},"end":{"line":85,"column":4}}]},"21":{"line":88,"type":"if","locations":[{"start":{"line":88,"column":4},"end":{"line":88,"column":4}},{"start":{"line":88,"column":4},"end":{"line":88,"column":4}}]},"22":{"line":100,"type":"if","locations":[{"start":{"line":100,"column":2},"end":{"line":100,"column":2}},{"start":{"line":100,"column":2},"end":{"line":100,"column":2}}]},"23":{"line":115,"type":"if","locations":[{"start":{"line":115,"column":2},"end":{"line":115,"column":2}},{"start":{"line":115,"column":2},"end":{"line":115,"column":2}}]},"24":{"line":119,"type":"if","locations":[{"start":{"line":119,"column":4},"end":{"line":119,"column":4}},{"start":{"line":119,"column":4},"end":{"line":119,"column":4}}]},"25":{"line":119,"type":"binary-expr","locations":[{"start":{"line":119,"column":9},"end":{"line":119,"column":51}},{"start":{"line":119,"column":57},"end":{"line":119,"column":73}},{"start":{"line":119,"column":77},"end":{"line":119,"column":106}}]},"26":{"line":120,"type":"if","locations":[{"start":{"line":120,"column":6},"end":{"line":120,"column":6}},{"start":{"line":120,"column":6},"end":{"line":120,"column":6}}]},"27":{"line":121,"type":"if","locations":[{"start":{"line":121,"column":8},"end":{"line":121,"column":8}},{"start":{"line":121,"column":8},"end":{"line":121,"column":8}}]},"28":{"line":140,"type":"if","locations":[{"start":{"line":140,"column":4},"end":{"line":140,"column":4}},{"start":{"line":140,"column":4},"end":{"line":140,"column":4}}]},"29":{"line":147,"type":"cond-expr","locations":[{"start":{"line":147,"column":46},"end":{"line":147,"column":48}},{"start":{"line":147,"column":51},"end":{"line":147,"column":55}}]},"30":{"line":151,"type":"if","locations":[{"start":{"line":151,"column":4},"end":{"line":151,"column":4}},{"start":{"line":151,"column":4},"end":{"line":151,"column":4}}]},"31":{"line":152,"type":"if","locations":[{"start":{"line":152,"column":6},"end":{"line":152,"column":6}},{"start":{"line":152,"column":6},"end":{"line":152,"column":6}}]},"32":{"line":160,"type":"if","locations":[{"start":{"line":160,"column":8},"end":{"line":160,"column":8}},{"start":{"line":160,"column":8},"end":{"line":160,"column":8}}]},"33":{"line":179,"type":"cond-expr","locations":[{"start":{"line":179,"column":97},"end":{"line":179,"column":104}},{"start":{"line":179,"column":107},"end":{"line":179,"column":114}}]},"34":{"line":179,"type":"cond-expr","locations":[{"start":{"line":179,"column":138},"end":{"line":179,"column":141}},{"start":{"line":179,"column":144},"end":{"line":179,"column":147}}]},"35":{"line":181,"type":"cond-expr","locations":[{"start":{"line":181,"column":56},"end":{"line":181,"column":58}},{"start":{"line":181,"column":61},"end":{"line":181,"column":68}}]}},"code":["// Generated by CoffeeScript 1.10.0","var Generator, stream, util;","","stream = require('stream');","","util = require('util');","","module.exports = function() {","  var callback, data, generator, options;","  if (arguments.length === 2) {","    options = arguments[0];","    callback = arguments[1];","  } else if (arguments.length === 1) {","    if (typeof arguments[0] === 'function') {","      options = {};","      callback = arguments[0];","    } else {","      options = arguments[0];","    }","  } else if (arguments.length === 0) {","    options = {};","  }","  generator = new Generator(options);","  if (callback) {","    data = [];","    generator.on('readable', function() {","      var d, results;","      results = [];","      while (d = generator.read()) {","        results.push(data.push(options.objectMode ? d : d.toString()));","      }","      return results;","    });","    generator.on('error', callback);","    generator.on('end', function() {","      return callback(null, options.objectMode ? data : data.join(''));","    });","  }","  return generator;","};","","Generator = function(options1) {","  var base, base1, base2, base3, base4, base5, base6, base7, base8, i, j, len, ref, v;","  this.options = options1 != null ? options1 : {};","  stream.Readable.call(this, this.options);","  this.options.count = 0;","  if ((base = this.options).duration == null) {","    base.duration = 4 * 60 * 1000;","  }","  if ((base1 = this.options).columns == null) {","    base1.columns = 8;","  }","  if ((base2 = this.options).max_word_length == null) {","    base2.max_word_length = 16;","  }","  if ((base3 = this.options).fixed_size == null) {","    base3.fixed_size = false;","  }","  if (this.fixed_size_buffer == null) {","    this.fixed_size_buffer = '';","  }","  if ((base4 = this.options).start == null) {","    base4.start = Date.now();","  }","  if ((base5 = this.options).end == null) {","    base5.end = null;","  }","  if ((base6 = this.options).seed == null) {","    base6.seed = false;","  }","  if ((base7 = this.options).length == null) {","    base7.length = -1;","  }","  if ((base8 = this.options).delimiter == null) {","    base8.delimiter = ',';","  }","  this.count_written = 0;","  this.count_created = 0;","  if (typeof this.options.columns === 'number') {","    this.options.columns = new Array(this.options.columns);","  }","  ref = this.options.columns;","  for (i = j = 0, len = ref.length; j < len; i = ++j) {","    v = ref[i];","    if (v == null) {","      v = 'ascii';","    }","    if (typeof v === 'string') {","      this.options.columns[i] = Generator[v];","    }","  }","  return this;","};","","util.inherits(Generator, stream.Readable);","","module.exports.Generator = Generator;","","Generator.prototype.random = function() {","  if (this.options.seed) {","    return this.options.seed = this.options.seed * Math.PI * 100 % 100 / 100;","  } else {","    return Math.random();","  }","};","","Generator.prototype.end = function() {","  return this.push(null);","};","","Generator.prototype._read = function(size) {","  var column, data, header, j, k, l, len, len1, len2, len3, length, line, lineLength, m, ref;","  data = [];","  length = this.fixed_size_buffer.length;","  if (length) {","    data.push(this.fixed_size_buffer);","  }","  while (true) {","    if ((this.count_created === this.options.length) || (this.options.end && Date.now() > this.options.end)) {","      if (data.length) {","        if (this.options.objectMode) {","          for (j = 0, len = data.length; j < len; j++) {","            line = data[j];","            this.count_written++;","            this.push(line);","          }","        } else {","          this.count_written++;","          this.push(data.join(''));","        }","      }","      return this.push(null);","    }","    line = [];","    ref = this.options.columns;","    for (k = 0, len1 = ref.length; k < len1; k++) {","      header = ref[k];","      line.push(\"\" + (header(this)));","    }","    if (this.options.objectMode) {","      lineLength = 0;","      for (l = 0, len2 = line.length; l < len2; l++) {","        column = line[l];","        lineLength += column.length;","      }","    } else {","      line = \"\" + (this.count_created === 0 ? '' : '\\n') + (line.join(this.options.delimiter));","      lineLength = line.length;","    }","    this.count_created++;","    if (length + lineLength > size) {","      if (this.options.objectMode) {","        data.push(line);","        for (m = 0, len3 = data.length; m < len3; m++) {","          line = data[m];","          this.count_written++;","          this.push(line);","        }","      } else {","        if (this.options.fixed_size) {","          this.fixed_size_buffer = line.substr(size - length);","          data.push(line.substr(0, size - length));","        } else {","          data.push(line);","        }","        this.count_written++;","        this.push(data.join(''));","      }","      break;","    }","    length += lineLength;","    data.push(line);","  }","};","","Generator.ascii = function(gen) {","  var char, column, j, nb_chars, ref;","  column = [];","  for (nb_chars = j = 0, ref = Math.ceil(gen.random() * gen.options.max_word_length); 0 <= ref ? j < ref : j > ref; nb_chars = 0 <= ref ? ++j : --j) {","    char = Math.floor(gen.random() * 32);","    column.push(String.fromCharCode(char + (char < 16 ? 65 : 97 - 16)));","  }","  return column.join('');","};","","Generator.int = function(gen) {","  return Math.floor(gen.random() * Math.pow(2, 52));","};","","Generator.bool = function(gen) {","  return Math.floor(gen.random() * 2);","};",""],"l":{"2":1,"4":1,"6":1,"8":1,"9":3,"10":3,"11":1,"12":1,"13":2,"14":2,"15":0,"16":0,"18":2,"20":0,"21":0,"23":3,"24":3,"25":1,"26":1,"27":1,"28":1,"29":1,"30":1,"32":1,"34":1,"35":1,"36":1,"39":3,"42":1,"43":3,"44":3,"45":3,"46":3,"47":3,"48":3,"50":3,"51":0,"53":3,"54":3,"56":3,"57":3,"59":3,"60":3,"62":3,"63":3,"65":3,"66":3,"68":3,"69":0,"71":3,"72":0,"74":3,"75":3,"77":3,"78":3,"79":3,"80":3,"82":3,"83":3,"84":6,"85":6,"86":6,"88":6,"89":6,"92":3,"95":1,"97":1,"99":1,"100":972,"101":972,"103":0,"107":1,"108":0,"111":1,"112":3,"113":3,"114":3,"115":3,"116":0,"118":3,"119":63,"120":3,"121":3,"122":0,"123":0,"124":0,"125":0,"128":3,"129":3,"132":3,"134":60,"135":60,"136":60,"137":120,"138":120,"140":60,"141":0,"142":0,"143":0,"144":0,"147":60,"148":60,"150":60,"151":60,"152":0,"153":0,"154":0,"155":0,"156":0,"157":0,"160":0,"161":0,"162":0,"164":0,"166":0,"167":0,"169":0,"171":60,"172":60,"176":1,"177":120,"178":120,"179":120,"180":852,"181":852,"183":120,"186":1,"187":0,"190":1,"191":0}},"/home/travis/build/npmtest/node-npmtest-csv/node_modules/csv-parse/lib/index.js":{"path":"/home/travis/build/npmtest/node-npmtest-csv/node_modules/csv-parse/lib/index.js","s":{"1":1,"2":1,"3":1,"4":1,"5":1,"6":3,"7":3,"8":0,"9":0,"10":0,"11":0,"12":0,"13":0,"14":0,"15":3,"16":1,"17":1,"18":0,"19":1,"20":1,"21":0,"22":2,"23":0,"24":0,"25":0,"26":3,"27":3,"28":3,"29":3,"30":1,"31":1,"32":1,"33":3,"34":1,"35":1,"36":1,"37":21,"38":21,"39":21,"40":20,"41":0,"42":20,"43":21,"44":1,"45":0,"46":0,"47":1,"48":1,"49":1,"50":3,"51":1,"52":3,"53":3,"54":0,"55":3,"56":3,"57":3,"58":3,"59":3,"60":3,"61":3,"62":3,"63":3,"64":0,"65":3,"66":3,"67":3,"68":3,"69":3,"70":3,"71":3,"72":3,"73":3,"74":3,"75":3,"76":3,"77":3,"78":3,"79":3,"80":3,"81":3,"82":3,"83":3,"84":3,"85":3,"86":3,"87":3,"88":3,"89":3,"90":3,"91":3,"92":3,"93":3,"94":3,"95":3,"96":3,"97":3,"98":3,"99":3,"100":3,"101":3,"102":3,"103":0,"104":3,"105":3,"106":3,"107":3,"108":3,"109":3,"110":3,"111":3,"112":3,"113":3,"114":3,"115":3,"116":0,"117":0,"118":3,"119":1,"120":1,"121":1,"122":3,"123":3,"124":2,"125":3,"126":3,"127":3,"128":0,"129":0,"130":1,"131":3,"132":3,"133":3,"134":3,"135":0,"136":0,"137":3,"138":3,"139":3,"140":0,"141":0,"142":1,"143":60,"144":60,"145":0,"146":60,"147":60,"148":0,"149":0,"150":0,"151":60,"152":0,"153":0,"154":0,"155":60,"156":3,"157":60,"158":0,"159":60,"160":0,"161":0,"162":0,"163":0,"164":0,"165":60,"166":60,"167":0,"168":0,"169":0,"170":0,"171":0,"172":0,"173":0,"174":0,"175":0,"176":60,"177":60,"178":0,"179":60,"180":0,"181":60,"182":0,"183":0,"184":60,"185":1,"186":6,"187":6,"188":6,"189":0,"190":0,"191":0,"192":6,"193":6,"194":0,"195":0,"196":0,"197":6,"198":6,"199":120,"200":120,"201":120,"202":0,"203":0,"204":0,"205":0,"206":0,"207":0,"208":0,"209":0,"210":0,"211":6,"212":6,"213":6,"214":6,"215":6,"216":6,"217":0,"218":6,"219":969,"220":969,"221":969,"222":0,"223":0,"224":0,"225":0,"226":969,"227":969,"228":969,"229":0,"230":969,"231":51,"232":51,"233":51,"234":0,"235":0,"236":51,"237":3,"238":3,"239":3,"240":0,"241":51,"242":3,"243":0,"244":3,"245":3,"246":969,"247":0,"248":0,"249":0,"250":0,"251":0,"252":0,"253":0,"254":0,"255":0,"256":0,"257":0,"258":0,"259":0,"260":0,"261":969,"262":0,"263":0,"264":0,"265":0,"266":0,"267":0,"268":0,"269":0,"270":0,"271":0,"272":0,"273":0,"274":0,"275":0,"276":0,"277":0,"278":0,"279":0,"280":0,"281":0,"282":0,"283":0,"284":0,"285":969,"286":921,"287":969,"288":57,"289":57,"290":969,"291":57,"292":969,"293":969,"294":0,"295":969,"296":0,"297":0,"298":969,"299":969,"300":117,"301":0,"302":0,"303":0,"304":0,"305":117,"306":0,"307":0,"308":117,"309":117,"310":117,"311":117,"312":60,"313":60,"314":60,"315":0,"316":0,"317":117,"318":57,"319":57,"320":57,"321":57,"322":57,"323":852,"324":0,"325":0,"326":0,"327":0,"328":0,"329":852,"330":852,"331":120,"332":852,"333":852,"334":0,"335":912,"336":0,"337":912,"338":0,"339":6,"340":3,"341":3,"342":0,"343":0,"344":3,"345":3,"346":3,"347":0,"348":3,"349":3,"350":3,"351":0,"352":6,"353":6,"354":6,"355":0,"356":0,"357":6},"b":{"1":[0,3],"2":[0,0],"3":[0,0],"4":[0,0],"5":[1,2],"6":[1,0],"7":[1,0],"8":[1,0],"9":[0,2],"10":[0,0],"11":[3,0],"12":[1,2],"13":[1,2],"14":[0,1],"15":[0,20],"16":[1,0],"17":[0,3],"18":[3,0],"19":[0,3],"20":[3,0],"21":[3,0],"22":[3,0],"23":[3,0],"24":[3,0],"25":[3,0],"26":[3,0],"27":[3,0],"28":[3,0],"29":[3,0],"30":[3,0],"31":[3,0],"32":[3,0],"33":[3,0],"34":[3,0],"35":[3,0],"36":[0,3],"37":[2,1],"38":[0,3],"39":[3,0],"40":[0,60],"41":[60,0],"42":[0,60],"43":[0,60],"44":[3,57],"45":[60,3],"46":[0,3],"47":[0,60],"48":[60,0],"49":[0,60],"50":[0,0],"51":[0,0],"52":[0,60],"53":[0,0],"54":[0,0],"55":[0,60],"56":[0,60],"57":[0,60],"58":[0,0],"59":[0,0],"60":[120,0],"61":[0,0],"62":[0,0],"63":[0,0],"64":[0,0],"65":[6,6],"66":[6,6],"67":[0,6],"68":[6,3],"69":[969,0],"70":[0,969],"71":[969,51,969,969,0,969,918,0,969,918,0,0,969,3,969,3],"72":[966,3],"73":[966,3],"74":[0,969],"75":[51,918],"76":[0,51],"77":[51,51,51],"78":[3,48],"79":[51,51,48],"80":[51,51],"81":[0,3],"82":[3,48],"83":[0,3],"84":[3,0],"85":[0,969],"86":[969,969],"87":[0,0],"88":[0,0,0],"89":[0,0,0],"90":[0,0],"91":[0,0],"92":[0,969],"93":[969,969],"94":[0,0],"95":[0,0],"96":[0,0],"97":[0,0,0,0],"98":[0,0],"99":[0,0],"100":[0,0],"101":[0,0],"102":[0,0],"103":[0,0],"104":[0,0],"1
[...]
mn":41}}]},"69":{"line":288,"type":"cond-expr","locations":[{"start":{"line":288,"column":37},"end":{"line":288,"column":69}},{"start":{"line":288,"column":72},"end":{"line":288,"column":95}}]},"70":{"line":291,"type":"if","locations":[{"start":{"line":291,"column":8},"end":{"line":291,"column":8}},{"start":{"line":291,"column":8},"end":{"line":291,"column":8}}]},"71":{"line":295,"type":"if","locations":[{"start":{"line":295,"column":8},"end":{"line":295,"column":8}},{"start":{"line":295,"column":8},"end":{"line":295,"column":8}}]},"72":{"line":299,"type":"if","locations":[{"start":{"line":299,"column":13},"end":{"line":299,"column":13}},{"start":{"line":299,"column":13},"end":{"line":299,"column":13}}]},"73":{"line":299,"type":"binary-expr","locations":[{"start":{"line":299,"column":17},"end":{"line":299,"column":41}},{"start":{"line":299,"column":47},"end":{"line":299,"column":79}},{"start":{"line":299,"column":84},"end":{"line":299,"column":98}},{"start":{"line":299,"column":102},"end":{"line":299,"column":127}}]},"74":{"line":302,"type":"if","locations":[{"start":{"line":302,"column":6},"end":{"line":302,"column":6}},{"start":{"line":302,"column":6},"end":{"line":302,"column":6}}]}},"code":["// Generated by CoffeeScript 1.10.0","var Stringifier, get, stream, util;","","stream = require('stream');","","util = require('util');","","get = require('lodash.get');","","module.exports = function() {","  var callback, chunks, data, options, stringifier;","  if (arguments.length === 3) {","    data = arguments[0];","    options = arguments[1];","    callback = arguments[2];","  } else if (arguments.length === 2) {","    if (Array.isArray(arguments[0])) {","      data = arguments[0];","    } else {","      options = arguments[0];","    }","    if (typeof arguments[1] === 'function') {","      callback = arguments[1];","    } else {","      options = arguments[1];","    }","  } else if (arguments.length === 1) {","    if (typeof arguments[0] === 'function') {","      callback = arguments[0];","    } else if (Array.isArray(arguments[0])) {","      data = arguments[0];","    } else {","      options = arguments[0];","    }","  }","  if (options == null) {","    options = {};","  }","  stringifier = new Stringifier(options);","  if (data) {","    process.nextTick(function() {","      var d, j, len;","      for (j = 0, len = data.length; j < len; j++) {","        d = data[j];","        stringifier.write(d);","      }","      return stringifier.end();","    });","  }","  if (callback) {","    chunks = [];","    stringifier.on('readable', function() {","      var chunk, results;","      results = [];","      while (chunk = stringifier.read()) {","        results.push(chunks.push(chunk));","      }","      return results;","    });","    stringifier.on('error', function(err) {","      return callback(err);","    });","    stringifier.on('end', function() {","      return callback(null, chunks.join(''));","    });","  }","  return stringifier;","};","","Stringifier = function(opts) {","  var base, base1, base10, base11, base12, base2, base3, base4, base5, base6, base7, base8, base9, k, options, v;","  if (opts == null) {","    opts = {};","  }","  options = {};","  for (k in opts) {","    v = opts[k];","    options[k] = v;","  }","  stream.Transform.call(this, options);","  this.options = options;","  if ((base = this.options).delimiter == null) {","    base.delimiter = ',';","  }","  if ((base1 = this.options).quote == null) {","    base1.quote = '\"';","  }","  if ((base2 = this.options).quoted == null) {","    base2.quoted = false;","  }","  if ((base3 = this.options).quotedString == null) {","    base3.quotedString = false;","  }","  if ((base4 = this.options).eof == null) {","    base4.eof = true;","  }","  if ((base5 = this.options).escape == null) {","    base5.escape = '\"';","  }","  if ((base6 = this.options).columns == null) {","    base6.columns = null;","  }","  if ((base7 = this.options).header == null) {","    base7.header = false;","  }","  if ((base8 = this.options).formatters == null) {","    base8.formatters = {};","  }","  if ((base9 = this.options.formatters).date == null) {","    base9.date = function(value) {","      return '' + value.getTime();","    };","  }","  if ((base10 = this.options.formatters).bool == null) {","    base10.bool = function(value) {","      if (value) {","        return '1';","      } else {","        return '';","      }","    };","  }","  if ((base11 = this.options.formatters).object == null) {","    base11.object = function(value) {","      return JSON.stringify(value);","    };","  }","  if ((base12 = this.options).rowDelimiter == null) {","    base12.rowDelimiter = '\\n';","  }","  if (this.countWriten == null) {","    this.countWriten = 0;","  }","  switch (this.options.rowDelimiter) {","    case 'auto':","      this.options.rowDelimiter = null;","      break;","    case 'unix':","      this.options.rowDelimiter = \"\\n\";","      break;","    case 'mac':","      this.options.rowDelimiter = \"\\r\";","      break;","    case 'windows':","      this.options.rowDelimiter = \"\\r\\n\";","      break;","    case 'unicode':","      this.options.rowDelimiter = \"\\u2028\";","  }","  return this;","};","","util.inherits(Stringifier, stream.Transform);","","module.exports.Stringifier = Stringifier;","","Stringifier.prototype.headers = function() {","  var k, label, labels;","  if (!this.options.header) {","    return;","  }","  if (!this.options.columns) {","    return;","  }","  labels = this.options.columns;","  if (typeof labels === 'object') {","    labels = (function() {","      var results;","      results = [];","      for (k in labels) {","        label = labels[k];","        results.push(label);","      }","      return results;","    })();","  }","  if (this.options.eof) {","    labels = this.stringify(labels) + this.options.rowDelimiter;","  } else {","    labels = this.stringify(labels);","  }","  return stream.Transform.prototype.write.call(this, labels);","};","","Stringifier.prototype.end = function(chunk, encoding, callback) {","  if (this.countWriten === 0) {","    this.headers();","  }","  return stream.Transform.prototype.end.apply(this, arguments);","};","","Stringifier.prototype.write = function(chunk, encoding, callback) {","  var base, e, error, preserve;","  if (chunk == null) {","    return;","  }","  preserve = typeof chunk !== 'object';","  if (!preserve) {","    if (this.countWriten === 0 && !Array.isArray(chunk)) {","      if ((base = this.options).columns == null) {","        base.columns = Object.keys(chunk);","      }","    }","    try {","      this.emit('record', chunk, this.countWriten);","    } catch (error) {","      e = error;","      return this.emit('error', e);","    }","    if (this.options.eof) {","      chunk = this.stringify(chunk) + this.options.rowDelimiter;","    } else {","      chunk = this.stringify(chunk);","      if (this.options.header || this.countWriten) {","        chunk = this.options.rowDelimiter + chunk;","      }","    }","  }","  if (typeof chunk === 'number') {","    chunk = \"\" + chunk;","  }","  if (this.countWriten === 0) {","    this.headers();","  }","  if (!preserve) {","    this.countWriten++;","  }","  return stream.Transform.prototype.write.call(this, chunk, encoding, callback);","};","","Stringifier.prototype._transform = function(chunk, encoding, callback) {","  this.push(chunk);","  return callback();","};","","Stringifier.prototype.stringify = function(line) {","  var _line, column, columns, containsEscape, containsLinebreak, containsQuote, containsdelimiter, delimiter, escape, field, i, j, l, newLine, quote, ref, ref1, regexp, shouldQuote, value;","  if (typeof line !== 'object') {","    return line;","  }","  columns = this.options.columns;","  if (typeof columns === 'object' && columns !== null && !Array.isArray(columns)) {","    columns = Object.keys(columns);","  }","  delimiter = this.options.delimiter;","  quote = this.options.quote;","  escape = this.options.escape;","  if (!Array.isArray(line)) {","    _line = [];","    if (columns) {","      for (i = j = 0, ref = columns.length; 0 <= ref ? j < ref : j > ref; i = 0 <= ref ? ++j : --j) {","        column = columns[i];","        value = get(line, column);","        _line[i] = typeof value === 'undefined' || value === null ? '' : value;","      }","    } else {","      for (column in line) {","        _line.push(line[column]);","      }","    }","    line = _line;","    _line = null;","  } else if (columns) {","    line.splice(columns.length);","  }","  if (Array.isArray(line)) {","    newLine = '';","    for (i = l = 0, ref1 = line.length; 0 <= ref1 ? l < ref1 : l > ref1; i = 0 <= ref1 ? ++l : --l) {","      field = line[i];","      if (typeof field === 'string') {","","      } else if (typeof field === 'number') {","        field = '' + field;","      } else if (typeof field === 'boolean') {","        field = this.options.formatters.bool(field);","      } else if (field instanceof Date) {","        field = this.options.formatters.date(field);","      } else if (typeof field === 'object' && field !== null) {","        field = this.options.formatters.object(field);","      }","      if (field) {","        containsdelimiter = field.indexOf(delimiter) >= 0;","        containsQuote = field.indexOf(quote) >= 0;","        containsEscape = field.indexOf(escape) >= 0 && (escape !== quote);","        containsLinebreak = field.indexOf('\\r') >= 0 || field.indexOf('\\n') >= 0;","        shouldQuote = containsQuote || containsdelimiter || containsLinebreak || this.options.quoted || (this.options.quotedString && typeof line[i] === 'string');","        if (shouldQuote && containsEscape) {","          regexp = escape === '\\\\' ? new RegExp(escape + escape, 'g') : new RegExp(escape, 'g');","          field = field.replace(regexp, escape + escape);","        }","        if (containsQuote) {","          regexp = new RegExp(quote, 'g');","          field = field.replace(regexp, escape + quote);","        }","        if (shouldQuote) {","          field = quote + field + quote;","        }","        newLine += field;","      } else if (this.options.quotedEmpty || ((this.options.quotedEmpty == null) && line[i] === '' && this.options.quotedString)) {","        newLine += quote + quote;","      }","      if (i !== line.length - 1) {","        newLine += delimiter;","      }","    }","    line = newLine;","  }","  return line;","};",""],"l":{"2":1,"4":1,"6":1,"8":1,"10":1,"11":3,"12":3,"13":0,"14":0,"15":0,"16":3,"17":1,"18":1,"20":0,"22":1,"23":1,"25":0,"27":2,"28":0,"29":0,"30":0,"31":0,"33":0,"36":3,"37":3,"39":3,"40":3,"41":1,"42":1,"43":1,"44":20,"45":20,"47":1,"50":3,"51":1,"52":1,"53":21,"54":21,"55":21,"56":20,"58":21,"60":1,"61":0,"63":1,"64":1,"67":3,"70":1,"71":3,"72":3,"73":0,"75":3,"76":3,"77":0,"78":0,"80":3,"81":3,"82":3,"83":3,"85":3,"86":3,"88":3,"89":3,"91":3,"92":3,"94":3,"95":3,"97":3,"98":3,"100":3,"101":3,"103":3,"104":3,"106":3,"107":3,"109":3,"110":3,"111":0,"114":3,"115":3,"116":0,"117":0,"119":0,"123":3,"124":3,"125":0,"128":3,"129":3,"131":3,"132":3,"134":3,"136":0,"137":0,"139":0,"140":0,"142":0,"143":0,"145":0,"146":0,"148":0,"150":3,"153":1,"155":1,"157":1,"158":3,"159":3,"160":3,"162":0,"163":0,"165":0,"166":0,"167":0,"168":0,"169":0,"170":0,"171":0,"172":0,"174":0,"177":0,"178":0,"180":0,"182":0,"185":1,"186":3,"187":0,"189":3,"192":1,"193":60,"194":60,"195":0,"197":60,"198":60,"199":60,"200":0,"201":0,"204":60,"205":60,"207":0,"208":0,"210":60,"211":60,"213":0,"214":0,"215":0,"219":60,"220":0,"222":60,"223":3,"225":60,"226":60,"228":60,"231":1,"232":60,"233":60,"236":1,"237":60,"238":60,"239":0,"241":60,"242":60,"243":0,"245":60,"246":60,"247":60,"248":60,"249":0,"250":0,"251":0,"252":0,"253":0,"254":0,"257":0,"258":0,"261":0,"262":0,"263":60,"264":0,"266":60,"267":60,"268":60,"269":120,"270":120,"272":0,"273":0,"274":0,"275":0,"276":0,"277":0,"278":0,"279":0,"281":120,"282":120,"283":120,"284":120,"285":120,"286":120,"287":120,"288":0,"289":0,"291":120,"292":0,"293":0,"295":120,"296":0,"298":120,"299":0,"300":0,"302":120,"303":60,"306":60,"308":60}},"/home/travis/build/npmtest/node-npmtest-csv/node_modules/csv/samples/callback.js":{"path":"/home/travis/build/npmtest/node-npmtest-csv/node_modules/csv/samples/callback.js","s":{"1":1,"2":1,"3":1,"4":1,"5":20,"6":40,"7":1,"8":1},"b":{},"f":{"1":1,"2":1,"3":20,"4":40,"5":1,"6":1},"fnMap":{"1":{"name":"(anonymous_1)","line":4,"loc":{"start":{"line":4,"column":48},"end":{"line":4,"column":67}}},"2":{"name":"(anonymous_2)","line":5,"loc":{"start":{"line":5,"column":18},"end":{"line":5,"column":37}}},"3":{"name":"(anonymous_3)","line":6,"loc":{"start":{"line":6,"column":24},"end":{"line":6,"column":38}}},"4":{"name":"(anonymous_4)","line":7,"loc":{"start":{"line":7,"column":22},"end":{"line":7,"column":37}}},"5":{"name":"(anonymous_5)","line":8,"loc":{"start":{"line":8,"column":7},"end":{"line":8,"column":26}}},"6":{"name":"(anonymous_6)","line":9,"loc":{"start":{"line":9,"column":26},"end":{"line":9,"column":45}}}},"statementMap":{"1":{"start":{"line":2,"column":0},"end":{"line":2,"column":24}},"2":{"start":{"line":4,"column":0},"end":{"line":14,"column":3}},"3":{"start":{"line":5,"column":2},"end":{"line":13,"column":5}},"4":{"start":{"line":6,"column":4},"end":{"line":12,"column":7}},"5":{"start":{"line":7,"column":6},"end":{"line":7,"column":67}},"6":{"start":{"line":7,"column":38},"end":{"line":7,"column":64}},"7":{"start":{"line":9,"column":6},"end":{"line":11,"column":9}},"8":{"start":{"line":10,"column":8},"end":{"line":10,"column":35}}},"branchMap":{},"code":["","var csv = require('..');","","csv.generate({seed: 1, columns: 2, length: 20}, function(err, data){","  csv.parse(data, function(err, data){","    csv.transform(data, function(data){","      return data.map(function(value){return value.toUpperCase()});","    }, function(err, data){","      csv.stringify(data, function(err, data){","        process.stdout.write(data);","      });","    });","  });","});",""],"l":{"2":1,"4":1,"5":1,"6":1,"7":40,"9":1,"10":1}},"/home/travis/build/npmtest/node-npmtest-csv/node_modules/csv/samples/pipe.js":{"path":"/home/travis/build/npmtest/node-npmtest-csv/node_modules/csv/samples/pipe.js","s":{"1":1,"2":1,"3":20,"4":40},"b":{},"f":{"1":20,"2":40},"fnMap":{"1":{"name":"(anonymous_1)","line":6,"loc":{"start":{"line":6,"column":22},"end":{"line":6,"column":38}}},"2":{"name":"(anonymous_2)","line":7,"loc":{"start":{"line":7,"column":23},"end":{"line":7,"column":38}}}},"statementMap":{"1":{"start":{"line":2,"column":0},"end":{"line":2,"column":24}},"2":{"start":{"line":4,"column":0},"end":{"line":12,"column":24}},"3":{"start":{"line":7,"column":5},"end":{"line":9,"column":8}},"4":{"start":{"line":8,"column":7},"end":{"line":8,"column":33}}},"branchMap":{},"code":["","var csv = require('..');","","csv.generate({seed: 1, columns: 2, length: 20})","  .pipe(csv.parse())","  .pipe(csv.transform(function(record){","     return record.map(function(value){","       return value.toUpperCase()","     });","  }))","  .pipe(csv.stringify ())","  .pipe(process.stdout);",""],"l":{"2":1,"4":1,"7":20,"8":40}},"/home/travis/build/npmtest/node-npmtest-csv/node_modules/csv/samples/stream.js":{"path":"/home/travis/build/npmtest/node-npmtest-csv/node_modules/csv/samples/stream.js","s":{"1":1,"2":1,"3":1,"4":1,"5":1,"6":20,"7":20,"8":40,"9":1,"10":1,"11":1,"12":1,"13":1,"14":1,"15":1,"16":21,"17":20,"18":1,"19":1,"20":1,"21":21,"22":20,"23":1,"24":1,"25":1,"26":21,"27":20,"28":1,"29":1},"b":{},"f":{"1":20,"2":40,"3":1,"4":1,"5":21,"6":1,"7":21,"8":1,"9":21,"10":1},"fnMap":{"1":{"name":"(anonymous_1)","line":7,"loc":{"start":{"line":7,"column":32},"end":{"line":7,"column":46}}},"2":{"name":"(anonymous_2)","line":9,"loc":{"start":{"line":9,"column":18},"end":{"line":9,"column":33}}},"3":{"name":"(anonymous_3)","line":13,"loc":{"start":{"line":13,"column":25},"end":{"line":13,"column":35}}},"4":{"name":"(anonymous_4)","line":18,"loc":{"start":{"line":18,"column":20},"end":{"line":18,"column":30}}},"5":{"name":"(anonymous_5)","line":22,"loc":{"start":{"line":22,"column":22},"end":{"line":22,"column":32}}},"6":{"name":"(anonymous_6)","line":27,"loc":{"start":{"line":27,"column":17},"end":{"line":27,"column":27}}},"7":{"name":"(anonymous_7)","line":31,"loc":{"start":{"line":31,"column":27},"end":{"line":31,"column":37}}},"8":{"name":"(anonymous_8)","line":36,"loc":{"start":{"line":36,"column":22},"end":{"line":36,"column":32}}},"9":{"name":"(anonymous_9)","line":40,"loc":{"start":{"line":40,"column":27},"end":{"line":40,"column":37}}},"10":{"name":"(anonymous_10)","line":45,"loc":{"start":{"line":45,"column":20},"end":{"line":45,"column":30}}}},"statementMap":{"1":{"start":{"line":2,"column":0},"end":{"line":2,"column":24}},"2":{"start":{"line":3,"column":0},"end":{"line":3,"column":9}},"3":{"start":{"line":5,"column":0},"end":{"line":5,"column":64}},"4":{"start":{"line":6,"column":0},"end":{"line":6,"column":25}},"5":{"start":{"line":7,"column":0},"end":{"line":10,"column":3}},"6":{"start":{"line":8,"column":2},"end":{"line":8,"column":5}},"7":{"start":{"line":9,"column":2},"end":{"line":9,"column":63}},"8":{"start":{"line":9,"column":34},"end":{"line":9,"column":60}},"9":{"start":{"line":11,"column":0},"end":{"line":11,"column":34}},"10":{"start":{"line":13,"column":0},"end":{"line":17,"column":3}},"11":{"start":{"line":14,"column":2},"end":{"line":16,"column":3}},"12":{"start":{"line":15,"column":4},"end":{"line":15,"column":23}},"13":{"start":{"line":18,"column":0},"end":{"line":20,"column":3}},"14":{"start":{"line":19,"column":2},"end":{"line":19,"column":14}},"15":{"start":{"line":22,"column":0},"end":{"line":26,"column":3}},"16":{"start":{"line":23,"column":2},"end":{"line":25,"column":3}},"17":{"start":{"line":24,"column":4},"end":{"line":24,"column":28}},"18":{"start":{"line":27,"column":0},"end":{"line":29,"column":3}},"19":{"start":{"line":28,"column":2},"end":{"line":28,"column":19}},"20":{"start":{"line":31,"column":0},"end":{"line":35,"column":3}},"21":{"start":{"line":32,"column":2},"end":{"line":34,"column":3}},"22":{"start":{"line":33,"column":4},"end":{"line":33,"column":28}},"23":{"start":{"line":36,"column":0},"end":{"line":38,"column":3}},"24":{"start":{"line":37,"column":2},"end":{"line":37,"column":20}},"25":{"start":{"line":40,"column":0},"end":{"line":44,"column":3}},"26":{"start":{"line":41,"column":2},"end":{"line":43,"column":3}},"27":{"start":{"line":42,"column":4},"end":{"line":42,"column":31}},"28":{"start":{"line":45,"column":0},"end":{"line":47,"column":3}},"29":{"start":{"line":46,"column":2},"end":{"line":46,"column":49}}},"branchMap":{},"code":["","var csv = require('..');","var i = 0","","var generator = csv.generate({seed: 1, columns: 2, length: 20});","var parser = csv.parse();","var transformer = csv.transform(function(data){","  i++","  return data.map(function(value){return value.toUpperCase()});","});","var stringifier = csv.stringify();","","generator.on('readable', function(){","  while(data = generator.read()){","    parser.write(data);","  }","});","generator.on('end', function(){","  parser.end()","});","","parser.on('readable', function(){","  while(data = parser.read()){","    transformer.write(data);","  }","});","parser.on('end', function(){","  transformer.end()","});","","transformer.on('readable', function(){","  while(data = transformer.read()){","    stringifier.write(data);","  }","});","transformer.on('end', function(){","  stringifier.end();","});","","stringifier.on('readable', function(){","  while(data = stringifier.read()){","    process.stdout.write(data);","  }","});","generator.on('end', function(){","  process.stdout.write('=> ' + i + ' records\\n');","});","","",""],"l":{"2":1,"3":1,"5":1,"6":1,"7":1,"8":20,"9":40,"11":1,"13":1,"14":1,"15":1,"18":1,"19":1,"22":1,"23":21,"24":20,"27":1,"28":1,"31":1,"32":21,"33":20,"36":1,"37":1,"40":1,"41":21,"42":20,"45":1,"46":1}}}